
*** Running vivado
    with args -log u96v2_sbc_base_auto_ds_7.vds -m64 -product Vivado -mode batch -messageDb vivado.pb -notrace -source u96v2_sbc_base_auto_ds_7.tcl


****** Vivado v2020.2 (64-bit)
  **** SW Build 3064766 on Wed Nov 18 09:12:47 MST 2020
  **** IP Build 3064653 on Wed Nov 18 14:17:31 MST 2020
    ** Copyright 1986-2020 Xilinx, Inc. All Rights Reserved.

source u96v2_sbc_base_auto_ds_7.tcl -notrace
INFO: Dispatch client connection id - 35127
create_project: Time (s): cpu = 00:00:02 ; elapsed = 00:00:06 . Memory (MB): peak = 2374.516 ; gain = 0.020 ; free physical = 3190 ; free virtual = 9119
INFO: [IP_Flow 19-234] Refreshing IP repositories
INFO: [IP_Flow 19-1700] Loaded user IP repository '/mnt/castor/seas_home/c/chen3xn/ese532_code/project_1127/ESE5320-Final-Project/_x/link/int/xo/ip_repo/xilinx_com_hls_hardware_encoding_1_0'.
INFO: [IP_Flow 19-1700] Loaded user IP repository '/mnt/castor/seas_home/c/chen3xn/ese532_code/project_1127/ESE5320-Final-Project/_x/link/vivado/vpl/.local/hw_platform/iprepo'.
INFO: [IP_Flow 19-1700] Loaded user IP repository '/mnt/pollux/software/xilinx/2020.2/Vitis/2020.2/data/cache/xilinx'.
INFO: [IP_Flow 19-1700] Loaded user IP repository '/mnt/castor/seas_home/c/chen3xn/ese532_code/project_1127/ESE5320-Final-Project/_x/link/vivado/vpl/.local/hw_platform/ipcache'.
INFO: [IP_Flow 19-1700] Loaded user IP repository '/mnt/pollux/software/xilinx/2020.2/Vitis/2020.2/data/ip'.
INFO: [IP_Flow 19-2313] Loaded Vivado IP repository '/mnt/pollux/software/xilinx/2020.2/Vivado/2020.2/data/ip'.
update_ip_catalog: Time (s): cpu = 00:00:03 ; elapsed = 00:00:13 . Memory (MB): peak = 2374.516 ; gain = 0.000 ; free physical = 2897 ; free virtual = 8826
Command: synth_design -top u96v2_sbc_base_auto_ds_7 -part xczu3eg-sbva484-1-i -mode out_of_context
Starting synth_design
Attempting to get a license for feature 'Synthesis' and/or device 'xczu3eg'
INFO: [Common 17-349] Got license for feature 'Synthesis' and/or device 'xczu3eg'
INFO: [Device 21-403] Loading part xczu3eg-sbva484-1-i
INFO: [Synth 8-7079] Multithreading enabled for synth_design using a maximum of 1 processes.
INFO: [Synth 8-7078] Launching helper process for spawning children vivado processes
INFO: [Synth 8-7075] Helper process launched with PID 17170
---------------------------------------------------------------------------------
Starting RTL Elaboration : Time (s): cpu = 00:00:10 ; elapsed = 00:00:22 . Memory (MB): peak = 2771.789 ; gain = 29.875 ; free physical = 3118 ; free virtual = 5232
---------------------------------------------------------------------------------
INFO: [Synth 8-6157] synthesizing module 'u96v2_sbc_base_auto_ds_7' [/mnt/castor/seas_home/c/chen3xn/ese532_code/project_1127/ESE5320-Final-Project/_x/link/vivado/vpl/prj/prj.gen/sources_1/bd/u96v2_sbc_base/ip/u96v2_sbc_base_auto_ds_7/synth/u96v2_sbc_base_auto_ds_7.v:58]
INFO: [Synth 8-6157] synthesizing module 'axi_dwidth_converter_v2_1_22_top' [/mnt/castor/seas_home/c/chen3xn/ese532_code/project_1127/ESE5320-Final-Project/_x/link/vivado/vpl/prj/prj.gen/sources_1/bd/u96v2_sbc_base/ipshared/2394/hdl/axi_dwidth_converter_v2_1_vlsyn_rfs.v:14462]
	Parameter C_FAMILY bound to: zynquplus - type: string 
	Parameter C_AXI_PROTOCOL bound to: 0 - type: integer 
	Parameter C_S_AXI_ID_WIDTH bound to: 16 - type: integer 
	Parameter C_SUPPORTS_ID bound to: 1 - type: integer 
	Parameter C_AXI_ADDR_WIDTH bound to: 13 - type: integer 
	Parameter C_S_AXI_DATA_WIDTH bound to: 128 - type: integer 
	Parameter C_M_AXI_DATA_WIDTH bound to: 32 - type: integer 
	Parameter C_AXI_SUPPORTS_WRITE bound to: 1 - type: integer 
	Parameter C_AXI_SUPPORTS_READ bound to: 1 - type: integer 
	Parameter C_FIFO_MODE bound to: 0 - type: integer 
	Parameter C_S_AXI_ACLK_RATIO bound to: 1 - type: integer 
	Parameter C_M_AXI_ACLK_RATIO bound to: 2 - type: integer 
	Parameter C_AXI_IS_ACLK_ASYNC bound to: 0 - type: integer 
	Parameter C_MAX_SPLIT_BEATS bound to: 256 - type: integer 
	Parameter C_PACKING_LEVEL bound to: 1 - type: integer 
	Parameter C_SYNCHRONIZER_STAGE bound to: 3 - type: integer 
	Parameter C_S_AXI_BYTES_LOG bound to: 4 - type: integer 
	Parameter C_M_AXI_BYTES_LOG bound to: 2 - type: integer 
	Parameter C_RATIO bound to: 4 - type: integer 
	Parameter C_RATIO_LOG bound to: 2 - type: integer 
	Parameter P_AXI4 bound to: 0 - type: integer 
	Parameter P_AXI3 bound to: 1 - type: integer 
	Parameter P_AXILITE bound to: 2 - type: integer 
	Parameter P_CONVERSION bound to: 2 - type: integer 
	Parameter P_MAX_SPLIT_BEATS bound to: 256 - type: integer 
INFO: [Synth 8-6157] synthesizing module 'axi_dwidth_converter_v2_1_22_axi_downsizer' [/mnt/castor/seas_home/c/chen3xn/ese532_code/project_1127/ESE5320-Final-Project/_x/link/vivado/vpl/prj/prj.gen/sources_1/bd/u96v2_sbc_base/ipshared/2394/hdl/axi_dwidth_converter_v2_1_vlsyn_rfs.v:2380]
	Parameter C_FAMILY bound to: zynquplus - type: string 
	Parameter C_AXI_PROTOCOL bound to: 0 - type: integer 
	Parameter C_S_AXI_ID_WIDTH bound to: 16 - type: integer 
	Parameter C_SUPPORTS_ID bound to: 1 - type: integer 
	Parameter C_AXI_ADDR_WIDTH bound to: 13 - type: integer 
	Parameter C_S_AXI_DATA_WIDTH bound to: 128 - type: integer 
	Parameter C_M_AXI_DATA_WIDTH bound to: 32 - type: integer 
	Parameter C_AXI_SUPPORTS_WRITE bound to: 1 - type: integer 
	Parameter C_AXI_SUPPORTS_READ bound to: 1 - type: integer 
	Parameter C_MAX_SPLIT_BEATS bound to: 256 - type: integer 
	Parameter C_S_AXI_BYTES_LOG bound to: 4 - type: integer 
	Parameter C_M_AXI_BYTES_LOG bound to: 2 - type: integer 
	Parameter C_RATIO bound to: 4 - type: integer 
	Parameter C_RATIO_LOG bound to: 2 - type: integer 
	Parameter P_AXI_ADDR_WIDTH bound to: 13 - type: integer 
	Parameter P_AXI4 bound to: 0 - type: integer 
	Parameter P_AXI3 bound to: 1 - type: integer 
	Parameter P_AXILITE bound to: 2 - type: integer 
	Parameter P_MAX_SPLIT_BEATS bound to: 256 - type: integer 
	Parameter P_MAX_SPLIT_BEATS_LOG bound to: 8 - type: integer 
INFO: [Synth 8-6157] synthesizing module 'axi_dwidth_converter_v2_1_22_b_downsizer' [/mnt/castor/seas_home/c/chen3xn/ese532_code/project_1127/ESE5320-Final-Project/_x/link/vivado/vpl/prj/prj.gen/sources_1/bd/u96v2_sbc_base/ipshared/2394/hdl/axi_dwidth_converter_v2_1_vlsyn_rfs.v:1251]
	Parameter C_FAMILY bound to: zynquplus - type: string 
	Parameter C_AXI_ID_WIDTH bound to: 16 - type: integer 
	Parameter C_RESP_OKAY bound to: 2'b00 
	Parameter C_RESP_EXOKAY bound to: 2'b01 
	Parameter C_RESP_SLVERROR bound to: 2'b10 
	Parameter C_RESP_DECERR bound to: 2'b11 
INFO: [Synth 8-6155] done synthesizing module 'axi_dwidth_converter_v2_1_22_b_downsizer' (1#1) [/mnt/castor/seas_home/c/chen3xn/ese532_code/project_1127/ESE5320-Final-Project/_x/link/vivado/vpl/prj/prj.gen/sources_1/bd/u96v2_sbc_base/ipshared/2394/hdl/axi_dwidth_converter_v2_1_vlsyn_rfs.v:1251]
INFO: [Synth 8-6157] synthesizing module 'axi_dwidth_converter_v2_1_22_a_downsizer' [/mnt/castor/seas_home/c/chen3xn/ese532_code/project_1127/ESE5320-Final-Project/_x/link/vivado/vpl/prj/prj.gen/sources_1/bd/u96v2_sbc_base/ipshared/2394/hdl/axi_dwidth_converter_v2_1_vlsyn_rfs.v:64]
	Parameter C_FAMILY bound to: zynquplus - type: string 
	Parameter C_AXI_PROTOCOL bound to: 0 - type: integer 
	Parameter C_AXI_ID_WIDTH bound to: 16 - type: integer 
	Parameter C_SUPPORTS_ID bound to: 1 - type: integer 
	Parameter C_AXI_ADDR_WIDTH bound to: 13 - type: integer 
	Parameter C_S_AXI_DATA_WIDTH bound to: 128 - type: integer 
	Parameter C_M_AXI_DATA_WIDTH bound to: 32 - type: integer 
	Parameter C_AXI_CHANNEL bound to: 0 - type: integer 
	Parameter C_MAX_SPLIT_BEATS bound to: 256 - type: integer 
	Parameter C_MAX_SPLIT_BEATS_LOG bound to: 8 - type: integer 
	Parameter C_S_AXI_BYTES_LOG bound to: 4 - type: integer 
	Parameter C_M_AXI_BYTES_LOG bound to: 2 - type: integer 
	Parameter C_RATIO_LOG bound to: 2 - type: integer 
	Parameter C_S_AXI_NATIVE_SIZE bound to: 3'b100 
	Parameter C_M_AXI_NATIVE_SIZE bound to: 3'b010 
	Parameter C_DOUBLE_LEN bound to: 21'b000000000000011111111 
	Parameter C_FIX_BURST bound to: 2'b00 
	Parameter C_INCR_BURST bound to: 2'b01 
	Parameter C_WRAP_BURST bound to: 2'b10 
	Parameter C_FIFO_DEPTH_LOG bound to: 5 - type: integer 
INFO: [Synth 8-6157] synthesizing module 'axi_data_fifo_v2_1_21_axic_fifo' [/mnt/castor/seas_home/c/chen3xn/ese532_code/project_1127/ESE5320-Final-Project/_x/link/vivado/vpl/prj/prj.gen/sources_1/bd/u96v2_sbc_base/ipshared/54c0/hdl/axi_data_fifo_v2_1_vl_rfs.v:64]
	Parameter C_FAMILY bound to: zynquplus - type: string 
	Parameter C_FIFO_DEPTH_LOG bound to: 5 - type: integer 
	Parameter C_FIFO_WIDTH bound to: 9 - type: integer 
	Parameter C_FIFO_TYPE bound to: lut - type: string 
INFO: [Synth 8-6157] synthesizing module 'axi_data_fifo_v2_1_21_fifo_gen' [/mnt/castor/seas_home/c/chen3xn/ese532_code/project_1127/ESE5320-Final-Project/_x/link/vivado/vpl/prj/prj.gen/sources_1/bd/u96v2_sbc_base/ipshared/54c0/hdl/axi_data_fifo_v2_1_vl_rfs.v:168]
	Parameter C_FAMILY bound to: zynquplus - type: string 
	Parameter C_COMMON_CLOCK bound to: 1 - type: integer 
	Parameter C_SYNCHRONIZER_STAGE bound to: 3 - type: integer 
	Parameter C_FIFO_DEPTH_LOG bound to: 5 - type: integer 
	Parameter C_FIFO_WIDTH bound to: 9 - type: integer 
	Parameter C_FIFO_TYPE bound to: lut - type: string 
	Parameter C_MEMORY_TYPE bound to: 2 - type: integer 
	Parameter C_IMPLEMENTATION_TYPE bound to: 0 - type: integer 
INFO: [Synth 8-6157] synthesizing module 'xpm_cdc_async_rst' [/mnt/pollux/software/xilinx/2020.2/Vivado/2020.2/data/ip/xpm/xpm_cdc/hdl/xpm_cdc.sv:1175]
INFO: [Synth 8-6155] done synthesizing module 'xpm_cdc_async_rst' (2#1) [/mnt/pollux/software/xilinx/2020.2/Vivado/2020.2/data/ip/xpm/xpm_cdc/hdl/xpm_cdc.sv:1175]
INFO: [Synth 8-6155] done synthesizing module 'axi_data_fifo_v2_1_21_fifo_gen' (20#1) [/mnt/castor/seas_home/c/chen3xn/ese532_code/project_1127/ESE5320-Final-Project/_x/link/vivado/vpl/prj/prj.gen/sources_1/bd/u96v2_sbc_base/ipshared/54c0/hdl/axi_data_fifo_v2_1_vl_rfs.v:168]
INFO: [Synth 8-6155] done synthesizing module 'axi_data_fifo_v2_1_21_axic_fifo' (21#1) [/mnt/castor/seas_home/c/chen3xn/ese532_code/project_1127/ESE5320-Final-Project/_x/link/vivado/vpl/prj/prj.gen/sources_1/bd/u96v2_sbc_base/ipshared/54c0/hdl/axi_data_fifo_v2_1_vl_rfs.v:64]
INFO: [Synth 8-6157] synthesizing module 'axi_data_fifo_v2_1_21_axic_fifo__parameterized0' [/mnt/castor/seas_home/c/chen3xn/ese532_code/project_1127/ESE5320-Final-Project/_x/link/vivado/vpl/prj/prj.gen/sources_1/bd/u96v2_sbc_base/ipshared/54c0/hdl/axi_data_fifo_v2_1_vl_rfs.v:64]
	Parameter C_FAMILY bound to: zynquplus - type: string 
	Parameter C_FIFO_DEPTH_LOG bound to: 5 - type: integer 
	Parameter C_FIFO_WIDTH bound to: 29 - type: integer 
	Parameter C_FIFO_TYPE bound to: lut - type: string 
INFO: [Synth 8-6157] synthesizing module 'axi_data_fifo_v2_1_21_fifo_gen__parameterized0' [/mnt/castor/seas_home/c/chen3xn/ese532_code/project_1127/ESE5320-Final-Project/_x/link/vivado/vpl/prj/prj.gen/sources_1/bd/u96v2_sbc_base/ipshared/54c0/hdl/axi_data_fifo_v2_1_vl_rfs.v:168]
	Parameter C_FAMILY bound to: zynquplus - type: string 
	Parameter C_COMMON_CLOCK bound to: 1 - type: integer 
	Parameter C_SYNCHRONIZER_STAGE bound to: 3 - type: integer 
	Parameter C_FIFO_DEPTH_LOG bound to: 5 - type: integer 
	Parameter C_FIFO_WIDTH bound to: 29 - type: integer 
	Parameter C_FIFO_TYPE bound to: lut - type: string 
	Parameter C_MEMORY_TYPE bound to: 2 - type: integer 
	Parameter C_IMPLEMENTATION_TYPE bound to: 0 - type: integer 
INFO: [Synth 8-6155] done synthesizing module 'axi_data_fifo_v2_1_21_fifo_gen__parameterized0' (21#1) [/mnt/castor/seas_home/c/chen3xn/ese532_code/project_1127/ESE5320-Final-Project/_x/link/vivado/vpl/prj/prj.gen/sources_1/bd/u96v2_sbc_base/ipshared/54c0/hdl/axi_data_fifo_v2_1_vl_rfs.v:168]
INFO: [Synth 8-6155] done synthesizing module 'axi_data_fifo_v2_1_21_axic_fifo__parameterized0' (21#1) [/mnt/castor/seas_home/c/chen3xn/ese532_code/project_1127/ESE5320-Final-Project/_x/link/vivado/vpl/prj/prj.gen/sources_1/bd/u96v2_sbc_base/ipshared/54c0/hdl/axi_data_fifo_v2_1_vl_rfs.v:64]
INFO: [Synth 8-6155] done synthesizing module 'axi_dwidth_converter_v2_1_22_a_downsizer' (22#1) [/mnt/castor/seas_home/c/chen3xn/ese532_code/project_1127/ESE5320-Final-Project/_x/link/vivado/vpl/prj/prj.gen/sources_1/bd/u96v2_sbc_base/ipshared/2394/hdl/axi_dwidth_converter_v2_1_vlsyn_rfs.v:64]
INFO: [Synth 8-6157] synthesizing module 'axi_dwidth_converter_v2_1_22_w_downsizer' [/mnt/castor/seas_home/c/chen3xn/ese532_code/project_1127/ESE5320-Final-Project/_x/link/vivado/vpl/prj/prj.gen/sources_1/bd/u96v2_sbc_base/ipshared/2394/hdl/axi_dwidth_converter_v2_1_vlsyn_rfs.v:2016]
	Parameter C_FAMILY bound to: zynquplus - type: string 
	Parameter C_S_AXI_DATA_WIDTH bound to: 128 - type: integer 
	Parameter C_M_AXI_DATA_WIDTH bound to: 32 - type: integer 
	Parameter C_S_AXI_BYTES_LOG bound to: 4 - type: integer 
	Parameter C_M_AXI_BYTES_LOG bound to: 2 - type: integer 
	Parameter C_RATIO_LOG bound to: 2 - type: integer 
	Parameter C_DOUBLE_LEN bound to: 24'b000000000000000011111111 
INFO: [Synth 8-6155] done synthesizing module 'axi_dwidth_converter_v2_1_22_w_downsizer' (23#1) [/mnt/castor/seas_home/c/chen3xn/ese532_code/project_1127/ESE5320-Final-Project/_x/link/vivado/vpl/prj/prj.gen/sources_1/bd/u96v2_sbc_base/ipshared/2394/hdl/axi_dwidth_converter_v2_1_vlsyn_rfs.v:2016]
INFO: [Synth 8-6157] synthesizing module 'axi_dwidth_converter_v2_1_22_a_downsizer__parameterized0' [/mnt/castor/seas_home/c/chen3xn/ese532_code/project_1127/ESE5320-Final-Project/_x/link/vivado/vpl/prj/prj.gen/sources_1/bd/u96v2_sbc_base/ipshared/2394/hdl/axi_dwidth_converter_v2_1_vlsyn_rfs.v:64]
	Parameter C_FAMILY bound to: zynquplus - type: string 
	Parameter C_AXI_PROTOCOL bound to: 0 - type: integer 
	Parameter C_AXI_ID_WIDTH bound to: 16 - type: integer 
	Parameter C_SUPPORTS_ID bound to: 1 - type: integer 
	Parameter C_AXI_ADDR_WIDTH bound to: 13 - type: integer 
	Parameter C_S_AXI_DATA_WIDTH bound to: 128 - type: integer 
	Parameter C_M_AXI_DATA_WIDTH bound to: 32 - type: integer 
	Parameter C_AXI_CHANNEL bound to: 1 - type: integer 
	Parameter C_MAX_SPLIT_BEATS bound to: 256 - type: integer 
	Parameter C_MAX_SPLIT_BEATS_LOG bound to: 8 - type: integer 
	Parameter C_S_AXI_BYTES_LOG bound to: 4 - type: integer 
	Parameter C_M_AXI_BYTES_LOG bound to: 2 - type: integer 
	Parameter C_RATIO_LOG bound to: 2 - type: integer 
	Parameter C_S_AXI_NATIVE_SIZE bound to: 3'b100 
	Parameter C_M_AXI_NATIVE_SIZE bound to: 3'b010 
	Parameter C_DOUBLE_LEN bound to: 21'b000000000000011111111 
	Parameter C_FIX_BURST bound to: 2'b00 
	Parameter C_INCR_BURST bound to: 2'b01 
	Parameter C_WRAP_BURST bound to: 2'b10 
	Parameter C_FIFO_DEPTH_LOG bound to: 5 - type: integer 
INFO: [Synth 8-6155] done synthesizing module 'axi_dwidth_converter_v2_1_22_a_downsizer__parameterized0' (23#1) [/mnt/castor/seas_home/c/chen3xn/ese532_code/project_1127/ESE5320-Final-Project/_x/link/vivado/vpl/prj/prj.gen/sources_1/bd/u96v2_sbc_base/ipshared/2394/hdl/axi_dwidth_converter_v2_1_vlsyn_rfs.v:64]
INFO: [Synth 8-6157] synthesizing module 'axi_dwidth_converter_v2_1_22_r_downsizer' [/mnt/castor/seas_home/c/chen3xn/ese532_code/project_1127/ESE5320-Final-Project/_x/link/vivado/vpl/prj/prj.gen/sources_1/bd/u96v2_sbc_base/ipshared/2394/hdl/axi_dwidth_converter_v2_1_vlsyn_rfs.v:1533]
	Parameter C_FAMILY bound to: zynquplus - type: string 
	Parameter C_AXI_ID_WIDTH bound to: 16 - type: integer 
	Parameter C_S_AXI_DATA_WIDTH bound to: 128 - type: integer 
	Parameter C_M_AXI_DATA_WIDTH bound to: 32 - type: integer 
	Parameter C_S_AXI_BYTES_LOG bound to: 4 - type: integer 
	Parameter C_M_AXI_BYTES_LOG bound to: 2 - type: integer 
	Parameter C_RATIO_LOG bound to: 2 - type: integer 
	Parameter C_RESP_OKAY bound to: 2'b00 
	Parameter C_RESP_EXOKAY bound to: 2'b01 
	Parameter C_RESP_SLVERROR bound to: 2'b10 
	Parameter C_RESP_DECERR bound to: 2'b11 
	Parameter C_DOUBLE_LEN bound to: 24'b000000000000000011111111 
INFO: [Synth 8-6155] done synthesizing module 'axi_dwidth_converter_v2_1_22_r_downsizer' (24#1) [/mnt/castor/seas_home/c/chen3xn/ese532_code/project_1127/ESE5320-Final-Project/_x/link/vivado/vpl/prj/prj.gen/sources_1/bd/u96v2_sbc_base/ipshared/2394/hdl/axi_dwidth_converter_v2_1_vlsyn_rfs.v:1533]
INFO: [Synth 8-6155] done synthesizing module 'axi_dwidth_converter_v2_1_22_axi_downsizer' (25#1) [/mnt/castor/seas_home/c/chen3xn/ese532_code/project_1127/ESE5320-Final-Project/_x/link/vivado/vpl/prj/prj.gen/sources_1/bd/u96v2_sbc_base/ipshared/2394/hdl/axi_dwidth_converter_v2_1_vlsyn_rfs.v:2380]
INFO: [Synth 8-6155] done synthesizing module 'axi_dwidth_converter_v2_1_22_top' (26#1) [/mnt/castor/seas_home/c/chen3xn/ese532_code/project_1127/ESE5320-Final-Project/_x/link/vivado/vpl/prj/prj.gen/sources_1/bd/u96v2_sbc_base/ipshared/2394/hdl/axi_dwidth_converter_v2_1_vlsyn_rfs.v:14462]
INFO: [Synth 8-6155] done synthesizing module 'u96v2_sbc_base_auto_ds_7' (27#1) [/mnt/castor/seas_home/c/chen3xn/ese532_code/project_1127/ESE5320-Final-Project/_x/link/vivado/vpl/prj/prj.gen/sources_1/bd/u96v2_sbc_base/ip/u96v2_sbc_base_auto_ds_7/synth/u96v2_sbc_base_auto_ds_7.v:58]
---------------------------------------------------------------------------------
Finished RTL Elaboration : Time (s): cpu = 00:00:19 ; elapsed = 00:00:42 . Memory (MB): peak = 2923.664 ; gain = 181.750 ; free physical = 2814 ; free virtual = 5107
---------------------------------------------------------------------------------
---------------------------------------------------------------------------------
Start Handling Custom Attributes
---------------------------------------------------------------------------------
---------------------------------------------------------------------------------
Finished Handling Custom Attributes : Time (s): cpu = 00:00:20 ; elapsed = 00:00:43 . Memory (MB): peak = 2938.508 ; gain = 196.594 ; free physical = 2788 ; free virtual = 5081
---------------------------------------------------------------------------------
---------------------------------------------------------------------------------
Finished RTL Optimization Phase 1 : Time (s): cpu = 00:00:20 ; elapsed = 00:00:43 . Memory (MB): peak = 2938.508 ; gain = 196.594 ; free physical = 2788 ; free virtual = 5081
---------------------------------------------------------------------------------
Netlist sorting complete. Time (s): cpu = 00:00:00.04 ; elapsed = 00:00:00.03 . Memory (MB): peak = 2952.445 ; gain = 0.000 ; free physical = 2763 ; free virtual = 5057
INFO: [Project 1-570] Preparing netlist for logic optimization

Processing XDC Constraints
Initializing timing engine
Parsing XDC File [/mnt/castor/seas_home/c/chen3xn/ese532_code/project_1127/ESE5320-Final-Project/_x/link/vivado/vpl/prj/prj.gen/sources_1/bd/u96v2_sbc_base/ip/u96v2_sbc_base_auto_ds_7/u96v2_sbc_base_auto_ds_7_ooc.xdc] for cell 'inst'
Finished Parsing XDC File [/mnt/castor/seas_home/c/chen3xn/ese532_code/project_1127/ESE5320-Final-Project/_x/link/vivado/vpl/prj/prj.gen/sources_1/bd/u96v2_sbc_base/ip/u96v2_sbc_base_auto_ds_7/u96v2_sbc_base_auto_ds_7_ooc.xdc] for cell 'inst'
Parsing XDC File [/mnt/castor/seas_home/c/chen3xn/ese532_code/project_1127/ESE5320-Final-Project/_x/link/vivado/vpl/prj/prj.runs/u96v2_sbc_base_auto_ds_7_synth_1/dont_touch.xdc]
Finished Parsing XDC File [/mnt/castor/seas_home/c/chen3xn/ese532_code/project_1127/ESE5320-Final-Project/_x/link/vivado/vpl/prj/prj.runs/u96v2_sbc_base_auto_ds_7_synth_1/dont_touch.xdc]
INFO: [Project 1-1715] 1 XPM XDC files have been applied to the design.
Completed Processing XDC Constraints

Netlist sorting complete. Time (s): cpu = 00:00:00 ; elapsed = 00:00:00 . Memory (MB): peak = 3030.258 ; gain = 0.000 ; free physical = 2594 ; free virtual = 4902
INFO: [Project 1-111] Unisim Transformation Summary:
No Unisim elements were transformed.

Constraint Validation Runtime : Time (s): cpu = 00:00:00.07 ; elapsed = 00:00:00.09 . Memory (MB): peak = 3030.258 ; gain = 0.000 ; free physical = 2585 ; free virtual = 4893
---------------------------------------------------------------------------------
Finished Constraint Validation : Time (s): cpu = 00:00:30 ; elapsed = 00:00:55 . Memory (MB): peak = 3030.258 ; gain = 288.344 ; free physical = 2679 ; free virtual = 4997
---------------------------------------------------------------------------------
---------------------------------------------------------------------------------
Start Loading Part and Timing Information
---------------------------------------------------------------------------------
Loading part: xczu3eg-sbva484-1-i
INFO: [Synth 8-6742] Reading net delay rules and data
---------------------------------------------------------------------------------
Finished Loading Part and Timing Information : Time (s): cpu = 00:00:30 ; elapsed = 00:00:55 . Memory (MB): peak = 3030.258 ; gain = 288.344 ; free physical = 2678 ; free virtual = 4996
---------------------------------------------------------------------------------
---------------------------------------------------------------------------------
Start Applying 'set_property' XDC Constraints
---------------------------------------------------------------------------------
Applied set_property KEEP_HIERARCHY = SOFT for inst. (constraint file  /mnt/castor/seas_home/c/chen3xn/ese532_code/project_1127/ESE5320-Final-Project/_x/link/vivado/vpl/prj/prj.runs/u96v2_sbc_base_auto_ds_7_synth_1/dont_touch.xdc, line 9).
Applied set_property KEEP_HIERARCHY = SOFT for inst/\gen_downsizer.gen_simple_downsizer.axi_downsizer_inst /\USE_WRITE.write_addr_inst /\USE_B_CHANNEL.cmd_b_queue /inst/fifo_gen_inst/inst_fifo_gen/\gconvfifo.rf /\grf.rf /rstblk/\ngwrdrst.grst.g7serrst.gnsckt_wrst.rst_wr_reg2_inst . (constraint file  auto generated constraint).
Applied set_property KEEP_HIERARCHY = SOFT for inst/\gen_downsizer.gen_simple_downsizer.axi_downsizer_inst /\USE_WRITE.write_addr_inst /cmd_queue/inst/fifo_gen_inst/inst_fifo_gen/\gconvfifo.rf /\grf.rf /rstblk/\ngwrdrst.grst.g7serrst.gnsckt_wrst.rst_wr_reg2_inst . (constraint file  auto generated constraint).
Applied set_property KEEP_HIERARCHY = SOFT for inst/\gen_downsizer.gen_simple_downsizer.axi_downsizer_inst /\USE_READ.read_addr_inst /cmd_queue/inst/fifo_gen_inst/inst_fifo_gen/\gconvfifo.rf /\grf.rf /rstblk/\ngwrdrst.grst.g7serrst.gnsckt_wrst.rst_wr_reg2_inst . (constraint file  auto generated constraint).
---------------------------------------------------------------------------------
Finished applying 'set_property' XDC Constraints : Time (s): cpu = 00:00:30 ; elapsed = 00:00:55 . Memory (MB): peak = 3030.258 ; gain = 288.344 ; free physical = 2683 ; free virtual = 4996
---------------------------------------------------------------------------------
INFO: [Synth 8-802] inferred FSM for state register 'gpregsm1.curr_fwft_state_reg' in module 'rd_fwft'
INFO: [Synth 8-6159] Found Keep on FSM register 'gpregsm1.curr_fwft_state_reg' in module 'rd_fwft', re-encoding will not be performed
---------------------------------------------------------------------------------------------------
                   State |                     New Encoding |                Previous Encoding 
---------------------------------------------------------------------------------------------------
                 invalid |                               00 |                               00
            stage1_valid |                               10 |                               10
       both_stages_valid |                               11 |                               11
            stage2_valid |                               01 |                               01
---------------------------------------------------------------------------------------------------
---------------------------------------------------------------------------------
Finished RTL Optimization Phase 2 : Time (s): cpu = 00:00:31 ; elapsed = 00:00:57 . Memory (MB): peak = 3030.258 ; gain = 288.344 ; free physical = 2620 ; free virtual = 4942
---------------------------------------------------------------------------------
---------------------------------------------------------------------------------
Start RTL Component Statistics 
---------------------------------------------------------------------------------
Detailed RTL Component Info : 
+---Adders : 
	   2 Input   13 Bit       Adders := 2     
	   2 Input    8 Bit       Adders := 7     
	   3 Input    8 Bit       Adders := 2     
	   2 Input    6 Bit       Adders := 2     
	   2 Input    5 Bit       Adders := 6     
	   2 Input    4 Bit       Adders := 4     
+---XORs : 
	   2 Input      1 Bit         XORs := 60    
+---Registers : 
	               32 Bit    Registers := 4     
	               29 Bit    Registers := 4     
	               16 Bit    Registers := 4     
	               13 Bit    Registers := 8     
	               12 Bit    Registers := 2     
	                9 Bit    Registers := 2     
	                8 Bit    Registers := 13    
	                7 Bit    Registers := 2     
	                6 Bit    Registers := 2     
	                5 Bit    Registers := 14    
	                4 Bit    Registers := 15    
	                3 Bit    Registers := 4     
	                2 Bit    Registers := 11    
	                1 Bit    Registers := 62    
+---Muxes : 
	   4 Input   32 Bit        Muxes := 1     
	   2 Input   32 Bit        Muxes := 4     
	   8 Input   13 Bit        Muxes := 2     
	   2 Input   13 Bit        Muxes := 4     
	   2 Input   12 Bit        Muxes := 2     
	   2 Input    8 Bit        Muxes := 11    
	   8 Input    7 Bit        Muxes := 2     
	   8 Input    5 Bit        Muxes := 2     
	   2 Input    4 Bit        Muxes := 4     
	   8 Input    4 Bit        Muxes := 4     
	   2 Input    3 Bit        Muxes := 2     
	   2 Input    2 Bit        Muxes := 44    
	   4 Input    2 Bit        Muxes := 3     
	   5 Input    2 Bit        Muxes := 3     
	   3 Input    1 Bit        Muxes := 3     
	   2 Input    1 Bit        Muxes := 27    
	   4 Input    1 Bit        Muxes := 7     
---------------------------------------------------------------------------------
Finished RTL Component Statistics 
---------------------------------------------------------------------------------
---------------------------------------------------------------------------------
Start Part Resource Summary
---------------------------------------------------------------------------------
Part Resources:
DSPs: 360 (col length:72)
BRAMs: 432 (col length: RAMB18 72 RAMB36 36)
---------------------------------------------------------------------------------
Finished Part Resource Summary
---------------------------------------------------------------------------------
---------------------------------------------------------------------------------
Start Cross Boundary and Area Optimization
---------------------------------------------------------------------------------
---------------------------------------------------------------------------------
Finished Cross Boundary and Area Optimization : Time (s): cpu = 00:00:38 ; elapsed = 00:01:04 . Memory (MB): peak = 3030.258 ; gain = 288.344 ; free physical = 2425 ; free virtual = 4776
---------------------------------------------------------------------------------
---------------------------------------------------------------------------------
Start ROM, RAM, DSP, Shift Register and Retiming Reporting
---------------------------------------------------------------------------------

Distributed RAM: Preliminary Mapping	Report (see note below)
+------------------------------------------------------------------------------------------------------------------------------------+-------------------------------------------------------------------------------+----------------+----------------------+---------------+
|Module Name                                                                                                                         | RTL Object                                                                    | Inference      | Size (Depth x Width) | Primitives    | 
+------------------------------------------------------------------------------------------------------------------------------------+-------------------------------------------------------------------------------+----------------+----------------------+---------------+
|inst/\gen_downsizer.gen_simple_downsizer.axi_downsizer_inst/USE_WRITE.write_addr_inst/USE_B_CHANNEL.cmd_b_queue/inst/fifo_gen_inst  | inst_fifo_gen/gconvfifo.rf/grf.rf/gntv_or_sync_fifo.mem/gdm.dm_gen.dm/RAM_reg | User Attribute | 32 x 9               | RAM32M16 x 1	 | 
|inst/\gen_downsizer.gen_simple_downsizer.axi_downsizer_inst/USE_WRITE.write_addr_inst/cmd_queue/inst/fifo_gen_inst                  | inst_fifo_gen/gconvfifo.rf/grf.rf/gntv_or_sync_fifo.mem/gdm.dm_gen.dm/RAM_reg | User Attribute | 32 x 29              | RAM32M16 x 3	 | 
|inst/\gen_downsizer.gen_simple_downsizer.axi_downsizer_inst/USE_READ.read_addr_inst/cmd_queue/inst/fifo_gen_inst                    | inst_fifo_gen/gconvfifo.rf/grf.rf/gntv_or_sync_fifo.mem/gdm.dm_gen.dm/RAM_reg | User Attribute | 32 x 29              | RAM32M16 x 3	 | 
+------------------------------------------------------------------------------------------------------------------------------------+-------------------------------------------------------------------------------+----------------+----------------------+---------------+

Note: The table above is a preliminary report that shows the Distributed RAMs at the current stage of the synthesis flow. Some Distributed RAMs may be reimplemented as non Distributed RAM primitives later in the synthesis flow. Multiple instantiated RAMs are reported only once.
---------------------------------------------------------------------------------
Finished ROM, RAM, DSP, Shift Register and Retiming Reporting
---------------------------------------------------------------------------------
---------------------------------------------------------------------------------
Start Applying XDC Timing Constraints
---------------------------------------------------------------------------------
---------------------------------------------------------------------------------
Finished Applying XDC Timing Constraints : Time (s): cpu = 00:00:53 ; elapsed = 00:01:34 . Memory (MB): peak = 3359.742 ; gain = 617.828 ; free physical = 286 ; free virtual = 2671
---------------------------------------------------------------------------------
---------------------------------------------------------------------------------
Start Timing Optimization
---------------------------------------------------------------------------------
---------------------------------------------------------------------------------
Finished Timing Optimization : Time (s): cpu = 00:00:59 ; elapsed = 00:01:40 . Memory (MB): peak = 3450.531 ; gain = 708.617 ; free physical = 250 ; free virtual = 2643
---------------------------------------------------------------------------------
---------------------------------------------------------------------------------
Start ROM, RAM, DSP, Shift Register and Retiming Reporting
---------------------------------------------------------------------------------

Distributed RAM: Final Mapping	Report
+------------------------------------------------------------------------------------------------------------------------------------+-------------------------------------------------------------------------------+----------------+----------------------+---------------+
|Module Name                                                                                                                         | RTL Object                                                                    | Inference      | Size (Depth x Width) | Primitives    | 
+------------------------------------------------------------------------------------------------------------------------------------+-------------------------------------------------------------------------------+----------------+----------------------+---------------+
|inst/\gen_downsizer.gen_simple_downsizer.axi_downsizer_inst/USE_WRITE.write_addr_inst/USE_B_CHANNEL.cmd_b_queue/inst/fifo_gen_inst  | inst_fifo_gen/gconvfifo.rf/grf.rf/gntv_or_sync_fifo.mem/gdm.dm_gen.dm/RAM_reg | User Attribute | 32 x 9               | RAM32M16 x 1	 | 
|inst/\gen_downsizer.gen_simple_downsizer.axi_downsizer_inst/USE_WRITE.write_addr_inst/cmd_queue/inst/fifo_gen_inst                  | inst_fifo_gen/gconvfifo.rf/grf.rf/gntv_or_sync_fifo.mem/gdm.dm_gen.dm/RAM_reg | User Attribute | 32 x 29              | RAM32M16 x 3	 | 
|inst/\gen_downsizer.gen_simple_downsizer.axi_downsizer_inst/USE_READ.read_addr_inst/cmd_queue/inst/fifo_gen_inst                    | inst_fifo_gen/gconvfifo.rf/grf.rf/gntv_or_sync_fifo.mem/gdm.dm_gen.dm/RAM_reg | User Attribute | 32 x 29              | RAM32M16 x 3	 | 
+------------------------------------------------------------------------------------------------------------------------------------+-------------------------------------------------------------------------------+----------------+----------------------+---------------+

---------------------------------------------------------------------------------
Finished ROM, RAM, DSP, Shift Register and Retiming Reporting
---------------------------------------------------------------------------------
---------------------------------------------------------------------------------
Start Technology Mapping
---------------------------------------------------------------------------------
---------------------------------------------------------------------------------
Finished Technology Mapping : Time (s): cpu = 00:01:00 ; elapsed = 00:01:41 . Memory (MB): peak = 3450.531 ; gain = 708.617 ; free physical = 220 ; free virtual = 2613
---------------------------------------------------------------------------------
---------------------------------------------------------------------------------
Start IO Insertion
---------------------------------------------------------------------------------
---------------------------------------------------------------------------------
Start Flattening Before IO Insertion
---------------------------------------------------------------------------------
---------------------------------------------------------------------------------
Finished Flattening Before IO Insertion
---------------------------------------------------------------------------------
---------------------------------------------------------------------------------
Start Final Netlist Cleanup
---------------------------------------------------------------------------------
---------------------------------------------------------------------------------
Finished Final Netlist Cleanup
---------------------------------------------------------------------------------
---------------------------------------------------------------------------------
Finished IO Insertion : Time (s): cpu = 00:01:02 ; elapsed = 00:01:43 . Memory (MB): peak = 3450.531 ; gain = 708.617 ; free physical = 315 ; free virtual = 2708
---------------------------------------------------------------------------------
---------------------------------------------------------------------------------
Start Renaming Generated Instances
---------------------------------------------------------------------------------
---------------------------------------------------------------------------------
Finished Renaming Generated Instances : Time (s): cpu = 00:01:02 ; elapsed = 00:01:43 . Memory (MB): peak = 3450.531 ; gain = 708.617 ; free physical = 314 ; free virtual = 2707
---------------------------------------------------------------------------------
---------------------------------------------------------------------------------
Start Rebuilding User Hierarchy
---------------------------------------------------------------------------------
---------------------------------------------------------------------------------
Finished Rebuilding User Hierarchy : Time (s): cpu = 00:01:02 ; elapsed = 00:01:44 . Memory (MB): peak = 3450.531 ; gain = 708.617 ; free physical = 289 ; free virtual = 2682
---------------------------------------------------------------------------------
---------------------------------------------------------------------------------
Start Renaming Generated Ports
---------------------------------------------------------------------------------
---------------------------------------------------------------------------------
Finished Renaming Generated Ports : Time (s): cpu = 00:01:02 ; elapsed = 00:01:44 . Memory (MB): peak = 3450.531 ; gain = 708.617 ; free physical = 288 ; free virtual = 2681
---------------------------------------------------------------------------------
---------------------------------------------------------------------------------
Start Handling Custom Attributes
---------------------------------------------------------------------------------
---------------------------------------------------------------------------------
Finished Handling Custom Attributes : Time (s): cpu = 00:01:02 ; elapsed = 00:01:44 . Memory (MB): peak = 3450.531 ; gain = 708.617 ; free physical = 278 ; free virtual = 2670
---------------------------------------------------------------------------------
---------------------------------------------------------------------------------
Start Renaming Generated Nets
---------------------------------------------------------------------------------
---------------------------------------------------------------------------------
Finished Renaming Generated Nets : Time (s): cpu = 00:01:02 ; elapsed = 00:01:44 . Memory (MB): peak = 3450.531 ; gain = 708.617 ; free physical = 278 ; free virtual = 2670
---------------------------------------------------------------------------------
---------------------------------------------------------------------------------
Start Writing Synthesis Report
---------------------------------------------------------------------------------

Report BlackBoxes: 
+-+--------------+----------+
| |BlackBox name |Instances |
+-+--------------+----------+
+-+--------------+----------+

Report Cell Usage: 
+------+---------+------+
|      |Cell     |Count |
+------+---------+------+
|1     |LUT1     |    50|
|2     |LUT2     |    87|
|3     |LUT3     |    88|
|4     |LUT4     |    77|
|5     |LUT5     |   252|
|6     |LUT6     |   275|
|7     |RAM32M16 |     7|
|8     |FDCE     |    69|
|9     |FDPE     |    33|
|10    |FDRE     |   647|
|11    |FDSE     |     5|
+------+---------+------+
---------------------------------------------------------------------------------
Finished Writing Synthesis Report : Time (s): cpu = 00:01:02 ; elapsed = 00:01:44 . Memory (MB): peak = 3450.531 ; gain = 708.617 ; free physical = 278 ; free virtual = 2670
---------------------------------------------------------------------------------
Synthesis finished with 0 errors, 0 critical warnings and 0 warnings.
Synthesis Optimization Runtime : Time (s): cpu = 00:00:56 ; elapsed = 00:01:36 . Memory (MB): peak = 3450.531 ; gain = 616.867 ; free physical = 311 ; free virtual = 2704
Synthesis Optimization Complete : Time (s): cpu = 00:01:02 ; elapsed = 00:01:44 . Memory (MB): peak = 3450.539 ; gain = 708.617 ; free physical = 311 ; free virtual = 2704
INFO: [Project 1-571] Translating synthesized netlist
Netlist sorting complete. Time (s): cpu = 00:00:00.03 ; elapsed = 00:00:00.03 . Memory (MB): peak = 3450.539 ; gain = 0.000 ; free physical = 416 ; free virtual = 2809
INFO: [Netlist 29-17] Analyzing 7 Unisim elements for replacement
INFO: [Netlist 29-28] Unisim Transformation completed in 0 CPU seconds
INFO: [Project 1-570] Preparing netlist for logic optimization
INFO: [Opt 31-138] Pushed 0 inverter(s) to 0 load pin(s).
Netlist sorting complete. Time (s): cpu = 00:00:00 ; elapsed = 00:00:00 . Memory (MB): peak = 3466.375 ; gain = 0.000 ; free physical = 520 ; free virtual = 2913
INFO: [Project 1-111] Unisim Transformation Summary:
  A total of 7 instances were transformed.
  RAM32M16 => RAM32M16 (RAMD32(x14), RAMS32(x2)): 7 instances

INFO: [Common 17-83] Releasing license: Synthesis
51 Infos, 0 Warnings, 0 Critical Warnings and 0 Errors encountered.
synth_design completed successfully
synth_design: Time (s): cpu = 00:01:17 ; elapsed = 00:02:05 . Memory (MB): peak = 3466.375 ; gain = 1091.859 ; free physical = 692 ; free virtual = 3086
INFO: [Common 17-600] The following parameters have non-default value.
general.maxThreads
INFO: [Common 17-1381] The checkpoint '/mnt/castor/seas_home/c/chen3xn/ese532_code/project_1127/ESE5320-Final-Project/_x/link/vivado/vpl/prj/prj.runs/u96v2_sbc_base_auto_ds_7_synth_1/u96v2_sbc_base_auto_ds_7.dcp' has been generated.
WARNING: [Common 17-576] 'use_project_ipc' is deprecated. This option is deprecated and no longer used.
INFO: [Coretcl 2-1648] Added synthesis output to IP cache for IP u96v2_sbc_base_auto_ds_7, cache-ID = 5937d51e712147ca
INFO: [Coretcl 2-1174] Renamed 58 cell refs.
INFO: [Common 17-1381] The checkpoint '/mnt/castor/seas_home/c/chen3xn/ese532_code/project_1127/ESE5320-Final-Project/_x/link/vivado/vpl/prj/prj.runs/u96v2_sbc_base_auto_ds_7_synth_1/u96v2_sbc_base_auto_ds_7.dcp' has been generated.
INFO: [runtcl-4] Executing : report_utilization -file u96v2_sbc_base_auto_ds_7_utilization_synth.rpt -pb u96v2_sbc_base_auto_ds_7_utilization_synth.pb
INFO: [Common 17-206] Exiting Vivado at Tue Nov 28 20:19:28 2023...
