report_utilization|1.0|u96v2_sbc_base_hardware_encoding_1_0_synth_1_synth_report_utilization_0|/mnt/castor/seas_home/c/chen3xn/ese532_code/project_1127/ESE5320-Final-Project/_x/link/vivado/vpl/prj/prj.runs/u96v2_sbc_base_hardware_encoding_1_0_synth_1/u96v2_sbc_base_hardware_encoding_1_0_utilization_synth.rpt|hardware_encoding
report_utilization|1.0|u96v2_sbc_base_auto_pc_3_synth_1_synth_report_utilization_0|/mnt/castor/seas_home/c/chen3xn/ese532_code/project_1127/ESE5320-Final-Project/_x/link/vivado/vpl/prj/prj.runs/u96v2_sbc_base_auto_pc_3_synth_1/u96v2_sbc_base_auto_pc_3_utilization_synth.rpt|
report_utilization|1.0|u96v2_sbc_base_auto_ds_4_synth_1_synth_report_utilization_0|/mnt/castor/seas_home/c/chen3xn/ese532_code/project_1127/ESE5320-Final-Project/_x/link/vivado/vpl/prj/prj.runs/u96v2_sbc_base_auto_ds_4_synth_1/u96v2_sbc_base_auto_ds_4_utilization_synth.rpt|
report_utilization|1.0|u96v2_sbc_base_auto_pc_4_synth_1_synth_report_utilization_0|/mnt/castor/seas_home/c/chen3xn/ese532_code/project_1127/ESE5320-Final-Project/_x/link/vivado/vpl/prj/prj.runs/u96v2_sbc_base_auto_pc_4_synth_1/u96v2_sbc_base_auto_pc_4_utilization_synth.rpt|
report_utilization|1.0|u96v2_sbc_base_auto_ds_5_synth_1_synth_report_utilization_0|/mnt/castor/seas_home/c/chen3xn/ese532_code/project_1127/ESE5320-Final-Project/_x/link/vivado/vpl/prj/prj.runs/u96v2_sbc_base_auto_ds_5_synth_1/u96v2_sbc_base_auto_ds_5_utilization_synth.rpt|
report_utilization|1.0|u96v2_sbc_base_auto_pc_5_synth_1_synth_report_utilization_0|/mnt/castor/seas_home/c/chen3xn/ese532_code/project_1127/ESE5320-Final-Project/_x/link/vivado/vpl/prj/prj.runs/u96v2_sbc_base_auto_pc_5_synth_1/u96v2_sbc_base_auto_pc_5_utilization_synth.rpt|
report_utilization|1.0|u96v2_sbc_base_auto_ds_6_synth_1_synth_report_utilization_0|/mnt/castor/seas_home/c/chen3xn/ese532_code/project_1127/ESE5320-Final-Project/_x/link/vivado/vpl/prj/prj.runs/u96v2_sbc_base_auto_ds_6_synth_1/u96v2_sbc_base_auto_ds_6_utilization_synth.rpt|
report_utilization|1.0|u96v2_sbc_base_auto_pc_6_synth_1_synth_report_utilization_0|/mnt/castor/seas_home/c/chen3xn/ese532_code/project_1127/ESE5320-Final-Project/_x/link/vivado/vpl/prj/prj.runs/u96v2_sbc_base_auto_pc_6_synth_1/u96v2_sbc_base_auto_pc_6_utilization_synth.rpt|
report_utilization|1.0|u96v2_sbc_base_auto_ds_7_synth_1_synth_report_utilization_0|/mnt/castor/seas_home/c/chen3xn/ese532_code/project_1127/ESE5320-Final-Project/_x/link/vivado/vpl/prj/prj.runs/u96v2_sbc_base_auto_ds_7_synth_1/u96v2_sbc_base_auto_ds_7_utilization_synth.rpt|
report_utilization|1.0|u96v2_sbc_base_auto_pc_7_synth_1_synth_report_utilization_0|/mnt/castor/seas_home/c/chen3xn/ese532_code/project_1127/ESE5320-Final-Project/_x/link/vivado/vpl/prj/prj.runs/u96v2_sbc_base_auto_pc_7_synth_1/u96v2_sbc_base_auto_pc_7_utilization_synth.rpt|
report_utilization|1.0|u96v2_sbc_base_auto_ds_8_synth_1_synth_report_utilization_0|/mnt/castor/seas_home/c/chen3xn/ese532_code/project_1127/ESE5320-Final-Project/_x/link/vivado/vpl/prj/prj.runs/u96v2_sbc_base_auto_ds_8_synth_1/u96v2_sbc_base_auto_ds_8_utilization_synth.rpt|
report_utilization|1.0|u96v2_sbc_base_auto_pc_8_synth_1_synth_report_utilization_0|/mnt/castor/seas_home/c/chen3xn/ese532_code/project_1127/ESE5320-Final-Project/_x/link/vivado/vpl/prj/prj.runs/u96v2_sbc_base_auto_pc_8_synth_1/u96v2_sbc_base_auto_pc_8_utilization_synth.rpt|
report_utilization|1.0|u96v2_sbc_base_auto_ds_9_synth_1_synth_report_utilization_0|/mnt/castor/seas_home/c/chen3xn/ese532_code/project_1127/ESE5320-Final-Project/_x/link/vivado/vpl/prj/prj.runs/u96v2_sbc_base_auto_ds_9_synth_1/u96v2_sbc_base_auto_ds_9_utilization_synth.rpt|
report_utilization|1.0|u96v2_sbc_base_auto_pc_9_synth_1_synth_report_utilization_0|/mnt/castor/seas_home/c/chen3xn/ese532_code/project_1127/ESE5320-Final-Project/_x/link/vivado/vpl/prj/prj.runs/u96v2_sbc_base_auto_pc_9_synth_1/u96v2_sbc_base_auto_pc_9_utilization_synth.rpt|
report_utilization|1.0|u96v2_sbc_base_auto_us_0_synth_1_synth_report_utilization_0|/mnt/castor/seas_home/c/chen3xn/ese532_code/project_1127/ESE5320-Final-Project/_x/link/vivado/vpl/prj/prj.runs/u96v2_sbc_base_auto_us_0_synth_1/u96v2_sbc_base_auto_us_0_utilization_synth.rpt|
report_utilization|1.0|u96v2_sbc_base_auto_ds_3_synth_1_synth_report_utilization_0|/mnt/castor/seas_home/c/chen3xn/ese532_code/project_1127/ESE5320-Final-Project/_x/link/vivado/vpl/prj/prj.runs/u96v2_sbc_base_auto_ds_3_synth_1/u96v2_sbc_base_auto_ds_3_utilization_synth.rpt|
report_utilization|1.0|u96v2_sbc_base_auto_pc_2_synth_1_synth_report_utilization_0|/mnt/castor/seas_home/c/chen3xn/ese532_code/project_1127/ESE5320-Final-Project/_x/link/vivado/vpl/prj/prj.runs/u96v2_sbc_base_auto_pc_2_synth_1/u96v2_sbc_base_auto_pc_2_utilization_synth.rpt|
report_utilization|1.0|u96v2_sbc_base_auto_ds_2_synth_1_synth_report_utilization_0|/mnt/castor/seas_home/c/chen3xn/ese532_code/project_1127/ESE5320-Final-Project/_x/link/vivado/vpl/prj/prj.runs/u96v2_sbc_base_auto_ds_2_synth_1/u96v2_sbc_base_auto_ds_2_utilization_synth.rpt|
report_utilization|1.0|u96v2_sbc_base_auto_pc_1_synth_1_synth_report_utilization_0|/mnt/castor/seas_home/c/chen3xn/ese532_code/project_1127/ESE5320-Final-Project/_x/link/vivado/vpl/prj/prj.runs/u96v2_sbc_base_auto_pc_1_synth_1/u96v2_sbc_base_auto_pc_1_utilization_synth.rpt|
report_utilization|1.0|u96v2_sbc_base_auto_ds_1_synth_1_synth_report_utilization_0|/mnt/castor/seas_home/c/chen3xn/ese532_code/project_1127/ESE5320-Final-Project/_x/link/vivado/vpl/prj/prj.runs/u96v2_sbc_base_auto_ds_1_synth_1/u96v2_sbc_base_auto_ds_1_utilization_synth.rpt|
report_utilization|1.0|u96v2_sbc_base_auto_pc_0_synth_1_synth_report_utilization_0|/mnt/castor/seas_home/c/chen3xn/ese532_code/project_1127/ESE5320-Final-Project/_x/link/vivado/vpl/prj/prj.runs/u96v2_sbc_base_auto_pc_0_synth_1/u96v2_sbc_base_auto_pc_0_utilization_synth.rpt|
report_utilization|1.0|u96v2_sbc_base_auto_ds_0_synth_1_synth_report_utilization_0|/mnt/castor/seas_home/c/chen3xn/ese532_code/project_1127/ESE5320-Final-Project/_x/link/vivado/vpl/prj/prj.runs/u96v2_sbc_base_auto_ds_0_synth_1/u96v2_sbc_base_auto_ds_0_utilization_synth.rpt|
report_utilization|1.0|u96v2_sbc_base_zynq_ultra_ps_e_0_0_synth_1_synth_report_utilization_0|/mnt/castor/seas_home/c/chen3xn/ese532_code/project_1127/ESE5320-Final-Project/_x/link/vivado/vpl/prj/prj.runs/u96v2_sbc_base_zynq_ultra_ps_e_0_0_synth_1/u96v2_sbc_base_zynq_ultra_ps_e_0_0_utilization_synth.rpt|
report_utilization|1.0|u96v2_sbc_base_axi_intc_0_0_synth_1_synth_report_utilization_0|/mnt/castor/seas_home/c/chen3xn/ese532_code/project_1127/ESE5320-Final-Project/_x/link/vivado/vpl/prj/prj.runs/u96v2_sbc_base_axi_intc_0_0_synth_1/u96v2_sbc_base_axi_intc_0_0_utilization_synth.rpt|
report_utilization|1.0|u96v2_sbc_base_xbar_0_synth_1_synth_report_utilization_0|/mnt/castor/seas_home/c/chen3xn/ese532_code/project_1127/ESE5320-Final-Project/_x/link/vivado/vpl/prj/prj.runs/u96v2_sbc_base_xbar_0_synth_1/u96v2_sbc_base_xbar_0_utilization_synth.rpt|
report_timing_summary|1.0|impl_report_timing_summary_route_design_summary|/mnt/castor/seas_home/c/chen3xn/ese532_code/project_1127/ESE5320-Final-Project/_x/link/vivado/vpl/prj/prj.runs/impl_1/u96v2_sbc_base_wrapper_timing_summary_routed.rpt|
report_timing_summary|1.0|impl_report_timing_summary_route_design_summary|/mnt/castor/seas_home/c/chen3xn/ese532_code/project_1127/ESE5320-Final-Project/_x/link/vivado/vpl/prj/prj.runs/impl_1/u96v2_sbc_base_wrapper_timing_summary_routed.rpx|
