
*** Running vivado
    with args -log u96v2_sbc_base_auto_us_0.vds -m64 -product Vivado -mode batch -messageDb vivado.pb -notrace -source u96v2_sbc_base_auto_us_0.tcl


****** Vivado v2020.2 (64-bit)
  **** SW Build 3064766 on Wed Nov 18 09:12:47 MST 2020
  **** IP Build 3064653 on Wed Nov 18 14:17:31 MST 2020
    ** Copyright 1986-2020 Xilinx, Inc. All Rights Reserved.

source u96v2_sbc_base_auto_us_0.tcl -notrace
INFO: Dispatch client connection id - 35127
INFO: [IP_Flow 19-234] Refreshing IP repositories
INFO: [IP_Flow 19-1700] Loaded user IP repository '/mnt/castor/seas_home/c/chen3xn/ese532_code/project_1127/ESE5320-Final-Project/_x/link/int/xo/ip_repo/xilinx_com_hls_hardware_encoding_1_0'.
INFO: [IP_Flow 19-1700] Loaded user IP repository '/mnt/castor/seas_home/c/chen3xn/ese532_code/project_1127/ESE5320-Final-Project/_x/link/vivado/vpl/.local/hw_platform/iprepo'.
INFO: [IP_Flow 19-1700] Loaded user IP repository '/mnt/pollux/software/xilinx/2020.2/Vitis/2020.2/data/cache/xilinx'.
INFO: [IP_Flow 19-1700] Loaded user IP repository '/mnt/castor/seas_home/c/chen3xn/ese532_code/project_1127/ESE5320-Final-Project/_x/link/vivado/vpl/.local/hw_platform/ipcache'.
INFO: [IP_Flow 19-1700] Loaded user IP repository '/mnt/pollux/software/xilinx/2020.2/Vitis/2020.2/data/ip'.
INFO: [IP_Flow 19-2313] Loaded Vivado IP repository '/mnt/pollux/software/xilinx/2020.2/Vivado/2020.2/data/ip'.
update_ip_catalog: Time (s): cpu = 00:00:04 ; elapsed = 00:00:06 . Memory (MB): peak = 2396.281 ; gain = 0.000 ; free physical = 3358 ; free virtual = 6106
Command: synth_design -top u96v2_sbc_base_auto_us_0 -part xczu3eg-sbva484-1-i -mode out_of_context
Starting synth_design
Attempting to get a license for feature 'Synthesis' and/or device 'xczu3eg'
INFO: [Common 17-349] Got license for feature 'Synthesis' and/or device 'xczu3eg'
INFO: [Device 21-403] Loading part xczu3eg-sbva484-1-i
INFO: [Synth 8-7079] Multithreading enabled for synth_design using a maximum of 1 processes.
INFO: [Synth 8-7078] Launching helper process for spawning children vivado processes
INFO: [Synth 8-7075] Helper process launched with PID 21028
---------------------------------------------------------------------------------
Starting RTL Elaboration : Time (s): cpu = 00:00:09 ; elapsed = 00:00:19 . Memory (MB): peak = 2771.586 ; gain = 29.906 ; free physical = 1065 ; free virtual = 3820
---------------------------------------------------------------------------------
INFO: [Synth 8-6157] synthesizing module 'u96v2_sbc_base_auto_us_0' [/mnt/castor/seas_home/c/chen3xn/ese532_code/project_1127/ESE5320-Final-Project/_x/link/vivado/vpl/prj/prj.gen/sources_1/bd/u96v2_sbc_base/ip/u96v2_sbc_base_auto_us_0/synth/u96v2_sbc_base_auto_us_0.v:58]
INFO: [Synth 8-6157] synthesizing module 'axi_dwidth_converter_v2_1_22_top' [/mnt/castor/seas_home/c/chen3xn/ese532_code/project_1127/ESE5320-Final-Project/_x/link/vivado/vpl/prj/prj.gen/sources_1/bd/u96v2_sbc_base/ipshared/2394/hdl/axi_dwidth_converter_v2_1_vlsyn_rfs.v:14462]
	Parameter C_FAMILY bound to: zynquplus - type: string 
	Parameter C_AXI_PROTOCOL bound to: 0 - type: integer 
	Parameter C_S_AXI_ID_WIDTH bound to: 1 - type: integer 
	Parameter C_SUPPORTS_ID bound to: 0 - type: integer 
	Parameter C_AXI_ADDR_WIDTH bound to: 64 - type: integer 
	Parameter C_S_AXI_DATA_WIDTH bound to: 32 - type: integer 
	Parameter C_M_AXI_DATA_WIDTH bound to: 128 - type: integer 
	Parameter C_AXI_SUPPORTS_WRITE bound to: 1 - type: integer 
	Parameter C_AXI_SUPPORTS_READ bound to: 1 - type: integer 
	Parameter C_FIFO_MODE bound to: 0 - type: integer 
	Parameter C_S_AXI_ACLK_RATIO bound to: 1 - type: integer 
	Parameter C_M_AXI_ACLK_RATIO bound to: 2 - type: integer 
	Parameter C_AXI_IS_ACLK_ASYNC bound to: 0 - type: integer 
	Parameter C_MAX_SPLIT_BEATS bound to: 16 - type: integer 
	Parameter C_PACKING_LEVEL bound to: 1 - type: integer 
	Parameter C_SYNCHRONIZER_STAGE bound to: 3 - type: integer 
	Parameter C_S_AXI_BYTES_LOG bound to: 2 - type: integer 
	Parameter C_M_AXI_BYTES_LOG bound to: 4 - type: integer 
	Parameter C_RATIO bound to: 0 - type: integer 
	Parameter C_RATIO_LOG bound to: 0 - type: integer 
	Parameter P_AXI4 bound to: 0 - type: integer 
	Parameter P_AXI3 bound to: 1 - type: integer 
	Parameter P_AXILITE bound to: 2 - type: integer 
	Parameter P_CONVERSION bound to: 2 - type: integer 
	Parameter P_MAX_SPLIT_BEATS bound to: 16 - type: integer 
INFO: [Synth 8-6157] synthesizing module 'axi_dwidth_converter_v2_1_22_axi_upsizer' [/mnt/castor/seas_home/c/chen3xn/ese532_code/project_1127/ESE5320-Final-Project/_x/link/vivado/vpl/prj/prj.gen/sources_1/bd/u96v2_sbc_base/ipshared/2394/hdl/axi_dwidth_converter_v2_1_vlsyn_rfs.v:7038]
	Parameter C_FAMILY bound to: zynquplus - type: string 
	Parameter C_AXI_PROTOCOL bound to: 0 - type: integer 
	Parameter C_S_AXI_ID_WIDTH bound to: 1 - type: integer 
	Parameter C_SUPPORTS_ID bound to: 0 - type: integer 
	Parameter C_AXI_ADDR_WIDTH bound to: 64 - type: integer 
	Parameter C_S_AXI_DATA_WIDTH bound to: 32 - type: integer 
	Parameter C_M_AXI_DATA_WIDTH bound to: 128 - type: integer 
	Parameter C_AXI_SUPPORTS_WRITE bound to: 1 - type: integer 
	Parameter C_AXI_SUPPORTS_READ bound to: 1 - type: integer 
	Parameter C_FIFO_MODE bound to: 0 - type: integer 
	Parameter C_S_AXI_ACLK_RATIO bound to: 1 - type: integer 
	Parameter C_M_AXI_ACLK_RATIO bound to: 2 - type: integer 
	Parameter C_AXI_IS_ACLK_ASYNC bound to: 0 - type: integer 
	Parameter C_PACKING_LEVEL bound to: 1 - type: integer 
	Parameter C_SYNCHRONIZER_STAGE bound to: 3 - type: integer 
	Parameter C_S_AXI_BYTES_LOG bound to: 2 - type: integer 
	Parameter C_M_AXI_BYTES_LOG bound to: 4 - type: integer 
	Parameter C_RATIO bound to: 4 - type: integer 
	Parameter C_RATIO_LOG bound to: 2 - type: integer 
	Parameter P_BYPASS bound to: 0 - type: integer 
	Parameter P_LIGHTWT bound to: 7 - type: integer 
	Parameter P_FWD_REV bound to: 1 - type: integer 
	Parameter P_CONV_LIGHT_WT bound to: 0 - type: integer 
	Parameter P_AXI4 bound to: 0 - type: integer 
	Parameter C_FIFO_DEPTH_LOG bound to: 5 - type: integer 
	Parameter P_SI_LT_MI bound to: 1'b1 
	Parameter P_ACLK_RATIO bound to: 2 - type: integer 
	Parameter P_NO_FIFO bound to: 0 - type: integer 
	Parameter P_PKTFIFO bound to: 1 - type: integer 
	Parameter P_PKTFIFO_CLK bound to: 2 - type: integer 
	Parameter P_DATAFIFO bound to: 3 - type: integer 
	Parameter P_DATAFIFO_CLK bound to: 4 - type: integer 
	Parameter P_CLK_CONV bound to: 1'b0 
	Parameter C_M_AXI_AW_REGISTER bound to: 0 - type: integer 
	Parameter C_M_AXI_W_REGISTER bound to: 1 - type: integer 
	Parameter C_M_AXI_AR_REGISTER bound to: 0 - type: integer 
	Parameter C_S_AXI_R_REGISTER bound to: 0 - type: integer 
	Parameter C_M_AXI_R_REGISTER bound to: 1 - type: integer 
	Parameter P_RID_QUEUE bound to: 0 - type: integer 
INFO: [Synth 8-6157] synthesizing module 'axi_dwidth_converter_v2_1_22_w_upsizer' [/mnt/castor/seas_home/c/chen3xn/ese532_code/project_1127/ESE5320-Final-Project/_x/link/vivado/vpl/prj/prj.gen/sources_1/bd/u96v2_sbc_base/ipshared/2394/hdl/axi_dwidth_converter_v2_1_vlsyn_rfs.v:5563]
	Parameter C_FAMILY bound to: rtl - type: string 
	Parameter C_S_AXI_DATA_WIDTH bound to: 32 - type: integer 
	Parameter C_M_AXI_DATA_WIDTH bound to: 128 - type: integer 
	Parameter C_M_AXI_REGISTER bound to: 1 - type: integer 
	Parameter C_PACKING_LEVEL bound to: 1 - type: integer 
	Parameter C_S_AXI_BYTES_LOG bound to: 2 - type: integer 
	Parameter C_M_AXI_BYTES_LOG bound to: 4 - type: integer 
	Parameter C_RATIO bound to: 4 - type: integer 
	Parameter C_RATIO_LOG bound to: 2 - type: integer 
	Parameter C_NEVER_PACK bound to: 0 - type: integer 
	Parameter C_DEFAULT_PACK bound to: 1 - type: integer 
	Parameter C_ALWAYS_PACK bound to: 2 - type: integer 
INFO: [Synth 8-6155] done synthesizing module 'axi_dwidth_converter_v2_1_22_w_upsizer' (1#1) [/mnt/castor/seas_home/c/chen3xn/ese532_code/project_1127/ESE5320-Final-Project/_x/link/vivado/vpl/prj/prj.gen/sources_1/bd/u96v2_sbc_base/ipshared/2394/hdl/axi_dwidth_converter_v2_1_vlsyn_rfs.v:5563]
INFO: [Synth 8-6157] synthesizing module 'axi_dwidth_converter_v2_1_22_a_upsizer' [/mnt/castor/seas_home/c/chen3xn/ese532_code/project_1127/ESE5320-Final-Project/_x/link/vivado/vpl/prj/prj.gen/sources_1/bd/u96v2_sbc_base/ipshared/2394/hdl/axi_dwidth_converter_v2_1_vlsyn_rfs.v:3603]
	Parameter C_FAMILY bound to: rtl - type: string 
	Parameter C_AXI_PROTOCOL bound to: 0 - type: integer 
	Parameter C_AXI_ID_WIDTH bound to: 1 - type: integer 
	Parameter C_SUPPORTS_ID bound to: 0 - type: integer 
	Parameter C_AXI_ADDR_WIDTH bound to: 64 - type: integer 
	Parameter C_S_AXI_DATA_WIDTH bound to: 32 - type: integer 
	Parameter C_M_AXI_DATA_WIDTH bound to: 128 - type: integer 
	Parameter C_M_AXI_REGISTER bound to: 0 - type: integer 
	Parameter C_AXI_CHANNEL bound to: 0 - type: integer 
	Parameter C_PACKING_LEVEL bound to: 1 - type: integer 
	Parameter C_FIFO_MODE bound to: 0 - type: integer 
	Parameter C_ID_QUEUE bound to: 0 - type: integer 
	Parameter C_S_AXI_BYTES_LOG bound to: 2 - type: integer 
	Parameter C_M_AXI_BYTES_LOG bound to: 4 - type: integer 
	Parameter C_S_AXI_NATIVE_SIZE bound to: 3'b010 
	Parameter C_M_AXI_NATIVE_SIZE bound to: 3'b100 
	Parameter C_DOUBLE_LEN bound to: 24'b000000000000000011111111 
	Parameter C_FIX_BURST bound to: 2'b00 
	Parameter C_INCR_BURST bound to: 2'b01 
	Parameter C_WRAP_BURST bound to: 2'b10 
	Parameter C_NEVER_PACK bound to: 0 - type: integer 
	Parameter C_DEFAULT_PACK bound to: 1 - type: integer 
	Parameter C_ALWAYS_PACK bound to: 2 - type: integer 
	Parameter C_FIFO_DEPTH_LOG bound to: 5 - type: integer 
	Parameter C_BURST_BYTES_LOG bound to: 6 - type: integer 
	Parameter C_SI_UNUSED_LOG bound to: 62 - type: integer 
	Parameter C_MI_UNUSED_LOG bound to: 60 - type: integer 
INFO: [Synth 8-6157] synthesizing module 'generic_baseblocks_v2_1_0_command_fifo' [/mnt/castor/seas_home/c/chen3xn/ese532_code/project_1127/ESE5320-Final-Project/_x/link/vivado/vpl/prj/prj.gen/sources_1/bd/u96v2_sbc_base/ipshared/b752/hdl/generic_baseblocks_v2_1_vl_rfs.v:655]
	Parameter C_FAMILY bound to: rtl - type: string 
	Parameter C_ENABLE_S_VALID_CARRY bound to: 1 - type: integer 
	Parameter C_ENABLE_REGISTERED_OUTPUT bound to: 1 - type: integer 
	Parameter C_FIFO_DEPTH_LOG bound to: 5 - type: integer 
	Parameter C_FIFO_WIDTH bound to: 35 - type: integer 
INFO: [Synth 8-6155] done synthesizing module 'generic_baseblocks_v2_1_0_command_fifo' (2#1) [/mnt/castor/seas_home/c/chen3xn/ese532_code/project_1127/ESE5320-Final-Project/_x/link/vivado/vpl/prj/prj.gen/sources_1/bd/u96v2_sbc_base/ipshared/b752/hdl/generic_baseblocks_v2_1_vl_rfs.v:655]
INFO: [Synth 8-6155] done synthesizing module 'axi_dwidth_converter_v2_1_22_a_upsizer' (3#1) [/mnt/castor/seas_home/c/chen3xn/ese532_code/project_1127/ESE5320-Final-Project/_x/link/vivado/vpl/prj/prj.gen/sources_1/bd/u96v2_sbc_base/ipshared/2394/hdl/axi_dwidth_converter_v2_1_vlsyn_rfs.v:3603]
INFO: [Synth 8-6157] synthesizing module 'axi_dwidth_converter_v2_1_22_r_upsizer' [/mnt/castor/seas_home/c/chen3xn/ese532_code/project_1127/ESE5320-Final-Project/_x/link/vivado/vpl/prj/prj.gen/sources_1/bd/u96v2_sbc_base/ipshared/2394/hdl/axi_dwidth_converter_v2_1_vlsyn_rfs.v:4653]
	Parameter C_FAMILY bound to: rtl - type: string 
	Parameter C_AXI_ID_WIDTH bound to: 1 - type: integer 
	Parameter C_S_AXI_DATA_WIDTH bound to: 32 - type: integer 
	Parameter C_M_AXI_DATA_WIDTH bound to: 128 - type: integer 
	Parameter C_S_AXI_REGISTER bound to: 0 - type: integer 
	Parameter C_PACKING_LEVEL bound to: 1 - type: integer 
	Parameter C_S_AXI_BYTES_LOG bound to: 2 - type: integer 
	Parameter C_M_AXI_BYTES_LOG bound to: 4 - type: integer 
	Parameter C_RATIO bound to: 4 - type: integer 
	Parameter C_RATIO_LOG bound to: 2 - type: integer 
	Parameter C_NEVER_PACK bound to: 0 - type: integer 
	Parameter C_DEFAULT_PACK bound to: 1 - type: integer 
	Parameter C_ALWAYS_PACK bound to: 2 - type: integer 
INFO: [Synth 8-6155] done synthesizing module 'axi_dwidth_converter_v2_1_22_r_upsizer' (4#1) [/mnt/castor/seas_home/c/chen3xn/ese532_code/project_1127/ESE5320-Final-Project/_x/link/vivado/vpl/prj/prj.gen/sources_1/bd/u96v2_sbc_base/ipshared/2394/hdl/axi_dwidth_converter_v2_1_vlsyn_rfs.v:4653]
INFO: [Synth 8-6157] synthesizing module 'axi_register_slice_v2_1_22_axi_register_slice' [/mnt/castor/seas_home/c/chen3xn/ese532_code/project_1127/ESE5320-Final-Project/_x/link/vivado/vpl/prj/prj.gen/sources_1/bd/u96v2_sbc_base/ipshared/af2c/hdl/axi_register_slice_v2_1_vl_rfs.v:3726]
	Parameter C_FAMILY bound to: zynquplus - type: string 
	Parameter C_AXI_PROTOCOL bound to: 0 - type: integer 
	Parameter C_AXI_ID_WIDTH bound to: 1 - type: integer 
	Parameter C_AXI_ADDR_WIDTH bound to: 64 - type: integer 
	Parameter C_AXI_DATA_WIDTH bound to: 128 - type: integer 
	Parameter C_AXI_SUPPORTS_USER_SIGNALS bound to: 0 - type: integer 
	Parameter C_AXI_AWUSER_WIDTH bound to: 1 - type: integer 
	Parameter C_AXI_ARUSER_WIDTH bound to: 1 - type: integer 
	Parameter C_AXI_WUSER_WIDTH bound to: 1 - type: integer 
	Parameter C_AXI_RUSER_WIDTH bound to: 1 - type: integer 
	Parameter C_AXI_BUSER_WIDTH bound to: 1 - type: integer 
	Parameter C_REG_CONFIG_AW bound to: 7 - type: integer 
	Parameter C_REG_CONFIG_W bound to: 1 - type: integer 
	Parameter C_REG_CONFIG_B bound to: 7 - type: integer 
	Parameter C_REG_CONFIG_AR bound to: 7 - type: integer 
	Parameter C_REG_CONFIG_R bound to: 1 - type: integer 
	Parameter C_RESERVE_MODE bound to: 0 - type: integer 
	Parameter C_NUM_SLR_CROSSINGS bound to: 0 - type: integer 
	Parameter C_PIPELINES_MASTER_AW bound to: 0 - type: integer 
	Parameter C_PIPELINES_MASTER_W bound to: 0 - type: integer 
	Parameter C_PIPELINES_MASTER_B bound to: 0 - type: integer 
	Parameter C_PIPELINES_MASTER_AR bound to: 0 - type: integer 
	Parameter C_PIPELINES_MASTER_R bound to: 0 - type: integer 
	Parameter C_PIPELINES_SLAVE_AW bound to: 0 - type: integer 
	Parameter C_PIPELINES_SLAVE_W bound to: 0 - type: integer 
	Parameter C_PIPELINES_SLAVE_B bound to: 0 - type: integer 
	Parameter C_PIPELINES_SLAVE_AR bound to: 0 - type: integer 
	Parameter C_PIPELINES_SLAVE_R bound to: 0 - type: integer 
	Parameter C_PIPELINES_MIDDLE_AW bound to: 0 - type: integer 
	Parameter C_PIPELINES_MIDDLE_W bound to: 0 - type: integer 
	Parameter C_PIPELINES_MIDDLE_B bound to: 0 - type: integer 
	Parameter C_PIPELINES_MIDDLE_AR bound to: 0 - type: integer 
	Parameter C_PIPELINES_MIDDLE_R bound to: 0 - type: integer 
	Parameter C_AXI_SUPPORTS_REGION_SIGNALS bound to: 1 - type: integer 
	Parameter P_FORWARD bound to: 0 - type: integer 
	Parameter P_RESPONSE bound to: 1 - type: integer 
	Parameter G_AXI_AWADDR_INDEX bound to: 0 - type: integer 
	Parameter G_AXI_AWADDR_WIDTH bound to: 64 - type: integer 
	Parameter G_AXI_AWPROT_INDEX bound to: 64 - type: integer 
	Parameter G_AXI_AWPROT_WIDTH bound to: 3 - type: integer 
	Parameter G_AXI_AWSIZE_INDEX bound to: 67 - type: integer 
	Parameter G_AXI_AWSIZE_WIDTH bound to: 3 - type: integer 
	Parameter G_AXI_AWBURST_INDEX bound to: 70 - type: integer 
	Parameter G_AXI_AWBURST_WIDTH bound to: 2 - type: integer 
	Parameter G_AXI_AWCACHE_INDEX bound to: 72 - type: integer 
	Parameter G_AXI_AWCACHE_WIDTH bound to: 4 - type: integer 
	Parameter G_AXI_AWLEN_INDEX bound to: 76 - type: integer 
	Parameter G_AXI_AWLEN_WIDTH bound to: 8 - type: integer 
	Parameter G_AXI_AWLOCK_INDEX bound to: 84 - type: integer 
	Parameter G_AXI_AWLOCK_WIDTH bound to: 1 - type: integer 
	Parameter G_AXI_AWID_INDEX bound to: 85 - type: integer 
	Parameter G_AXI_AWID_WIDTH bound to: 1 - type: integer 
	Parameter G_AXI_AWQOS_INDEX bound to: 86 - type: integer 
	Parameter G_AXI_AWQOS_WIDTH bound to: 4 - type: integer 
	Parameter G_AXI_AWREGION_INDEX bound to: 90 - type: integer 
	Parameter G_AXI_AWREGION_WIDTH bound to: 4 - type: integer 
	Parameter G_AXI_AWUSER_INDEX bound to: 94 - type: integer 
	Parameter G_AXI_AWUSER_WIDTH bound to: 0 - type: integer 
	Parameter G_AXI_AWPAYLOAD_WIDTH bound to: 94 - type: integer 
	Parameter G_AXI_ARADDR_INDEX bound to: 0 - type: integer 
	Parameter G_AXI_ARADDR_WIDTH bound to: 64 - type: integer 
	Parameter G_AXI_ARPROT_INDEX bound to: 64 - type: integer 
	Parameter G_AXI_ARPROT_WIDTH bound to: 3 - type: integer 
	Parameter G_AXI_ARSIZE_INDEX bound to: 67 - type: integer 
	Parameter G_AXI_ARSIZE_WIDTH bound to: 3 - type: integer 
	Parameter G_AXI_ARBURST_INDEX bound to: 70 - type: integer 
	Parameter G_AXI_ARBURST_WIDTH bound to: 2 - type: integer 
	Parameter G_AXI_ARCACHE_INDEX bound to: 72 - type: integer 
	Parameter G_AXI_ARCACHE_WIDTH bound to: 4 - type: integer 
	Parameter G_AXI_ARLEN_INDEX bound to: 76 - type: integer 
	Parameter G_AXI_ARLEN_WIDTH bound to: 8 - type: integer 
	Parameter G_AXI_ARLOCK_INDEX bound to: 84 - type: integer 
	Parameter G_AXI_ARLOCK_WIDTH bound to: 1 - type: integer 
	Parameter G_AXI_ARID_INDEX bound to: 85 - type: integer 
	Parameter G_AXI_ARID_WIDTH bound to: 1 - type: integer 
	Parameter G_AXI_ARQOS_INDEX bound to: 86 - type: integer 
	Parameter G_AXI_ARQOS_WIDTH bound to: 4 - type: integer 
	Parameter G_AXI_ARREGION_INDEX bound to: 90 - type: integer 
	Parameter G_AXI_ARREGION_WIDTH bound to: 4 - type: integer 
	Parameter G_AXI_ARUSER_INDEX bound to: 94 - type: integer 
	Parameter G_AXI_ARUSER_WIDTH bound to: 0 - type: integer 
	Parameter G_AXI_ARPAYLOAD_WIDTH bound to: 94 - type: integer 
	Parameter G_AXI_WDATA_INDEX bound to: 0 - type: integer 
	Parameter G_AXI_WDATA_WIDTH bound to: 128 - type: integer 
	Parameter G_AXI_WSTRB_INDEX bound to: 128 - type: integer 
	Parameter G_AXI_WSTRB_WIDTH bound to: 16 - type: integer 
	Parameter G_AXI_WLAST_INDEX bound to: 144 - type: integer 
	Parameter G_AXI_WLAST_WIDTH bound to: 1 - type: integer 
	Parameter G_AXI_WID_INDEX bound to: 145 - type: integer 
	Parameter G_AXI_WID_WIDTH bound to: 0 - type: integer 
	Parameter G_AXI_WUSER_INDEX bound to: 145 - type: integer 
	Parameter G_AXI_WUSER_WIDTH bound to: 0 - type: integer 
	Parameter G_AXI_WPAYLOAD_WIDTH bound to: 145 - type: integer 
	Parameter G_AXI_BRESP_INDEX bound to: 0 - type: integer 
	Parameter G_AXI_BRESP_WIDTH bound to: 2 - type: integer 
	Parameter G_AXI_BID_INDEX bound to: 2 - type: integer 
	Parameter G_AXI_BID_WIDTH bound to: 1 - type: integer 
	Parameter G_AXI_BUSER_INDEX bound to: 3 - type: integer 
	Parameter G_AXI_BUSER_WIDTH bound to: 0 - type: integer 
	Parameter G_AXI_BPAYLOAD_WIDTH bound to: 3 - type: integer 
	Parameter G_AXI_RDATA_INDEX bound to: 0 - type: integer 
	Parameter G_AXI_RDATA_WIDTH bound to: 128 - type: integer 
	Parameter G_AXI_RRESP_INDEX bound to: 128 - type: integer 
	Parameter G_AXI_RRESP_WIDTH bound to: 2 - type: integer 
	Parameter G_AXI_RLAST_INDEX bound to: 130 - type: integer 
	Parameter G_AXI_RLAST_WIDTH bound to: 1 - type: integer 
	Parameter G_AXI_RID_INDEX bound to: 131 - type: integer 
	Parameter G_AXI_RID_WIDTH bound to: 1 - type: integer 
	Parameter G_AXI_RUSER_INDEX bound to: 132 - type: integer 
	Parameter G_AXI_RUSER_WIDTH bound to: 0 - type: integer 
	Parameter G_AXI_RPAYLOAD_WIDTH bound to: 132 - type: integer 
INFO: [Synth 8-6157] synthesizing module 'axi_infrastructure_v1_1_0_axi2vector' [/mnt/castor/seas_home/c/chen3xn/ese532_code/project_1127/ESE5320-Final-Project/_x/link/vivado/vpl/prj/prj.gen/sources_1/bd/u96v2_sbc_base/ipshared/ec67/hdl/axi_infrastructure_v1_1_vl_rfs.v:60]
	Parameter C_AXI_PROTOCOL bound to: 0 - type: integer 
	Parameter C_AXI_ID_WIDTH bound to: 1 - type: integer 
	Parameter C_AXI_ADDR_WIDTH bound to: 64 - type: integer 
	Parameter C_AXI_DATA_WIDTH bound to: 128 - type: integer 
	Parameter C_AXI_SUPPORTS_USER_SIGNALS bound to: 0 - type: integer 
	Parameter C_AXI_SUPPORTS_REGION_SIGNALS bound to: 1 - type: integer 
	Parameter C_AXI_AWUSER_WIDTH bound to: 1 - type: integer 
	Parameter C_AXI_WUSER_WIDTH bound to: 1 - type: integer 
	Parameter C_AXI_BUSER_WIDTH bound to: 1 - type: integer 
	Parameter C_AXI_ARUSER_WIDTH bound to: 1 - type: integer 
	Parameter C_AXI_RUSER_WIDTH bound to: 1 - type: integer 
	Parameter C_AWPAYLOAD_WIDTH bound to: 94 - type: integer 
	Parameter C_WPAYLOAD_WIDTH bound to: 145 - type: integer 
	Parameter C_BPAYLOAD_WIDTH bound to: 3 - type: integer 
	Parameter C_ARPAYLOAD_WIDTH bound to: 94 - type: integer 
	Parameter C_RPAYLOAD_WIDTH bound to: 132 - type: integer 
	Parameter G_AXI_AWADDR_INDEX bound to: 0 - type: integer 
	Parameter G_AXI_AWADDR_WIDTH bound to: 64 - type: integer 
	Parameter G_AXI_AWPROT_INDEX bound to: 64 - type: integer 
	Parameter G_AXI_AWPROT_WIDTH bound to: 3 - type: integer 
	Parameter G_AXI_AWSIZE_INDEX bound to: 67 - type: integer 
	Parameter G_AXI_AWSIZE_WIDTH bound to: 3 - type: integer 
	Parameter G_AXI_AWBURST_INDEX bound to: 70 - type: integer 
	Parameter G_AXI_AWBURST_WIDTH bound to: 2 - type: integer 
	Parameter G_AXI_AWCACHE_INDEX bound to: 72 - type: integer 
	Parameter G_AXI_AWCACHE_WIDTH bound to: 4 - type: integer 
	Parameter G_AXI_AWLEN_INDEX bound to: 76 - type: integer 
	Parameter G_AXI_AWLEN_WIDTH bound to: 8 - type: integer 
	Parameter G_AXI_AWLOCK_INDEX bound to: 84 - type: integer 
	Parameter G_AXI_AWLOCK_WIDTH bound to: 1 - type: integer 
	Parameter G_AXI_AWID_INDEX bound to: 85 - type: integer 
	Parameter G_AXI_AWID_WIDTH bound to: 1 - type: integer 
	Parameter G_AXI_AWQOS_INDEX bound to: 86 - type: integer 
	Parameter G_AXI_AWQOS_WIDTH bound to: 4 - type: integer 
	Parameter G_AXI_AWREGION_INDEX bound to: 90 - type: integer 
	Parameter G_AXI_AWREGION_WIDTH bound to: 4 - type: integer 
	Parameter G_AXI_AWUSER_INDEX bound to: 94 - type: integer 
	Parameter G_AXI_AWUSER_WIDTH bound to: 0 - type: integer 
	Parameter G_AXI_AWPAYLOAD_WIDTH bound to: 94 - type: integer 
	Parameter G_AXI_ARADDR_INDEX bound to: 0 - type: integer 
	Parameter G_AXI_ARADDR_WIDTH bound to: 64 - type: integer 
	Parameter G_AXI_ARPROT_INDEX bound to: 64 - type: integer 
	Parameter G_AXI_ARPROT_WIDTH bound to: 3 - type: integer 
	Parameter G_AXI_ARSIZE_INDEX bound to: 67 - type: integer 
	Parameter G_AXI_ARSIZE_WIDTH bound to: 3 - type: integer 
	Parameter G_AXI_ARBURST_INDEX bound to: 70 - type: integer 
	Parameter G_AXI_ARBURST_WIDTH bound to: 2 - type: integer 
	Parameter G_AXI_ARCACHE_INDEX bound to: 72 - type: integer 
	Parameter G_AXI_ARCACHE_WIDTH bound to: 4 - type: integer 
	Parameter G_AXI_ARLEN_INDEX bound to: 76 - type: integer 
	Parameter G_AXI_ARLEN_WIDTH bound to: 8 - type: integer 
	Parameter G_AXI_ARLOCK_INDEX bound to: 84 - type: integer 
	Parameter G_AXI_ARLOCK_WIDTH bound to: 1 - type: integer 
	Parameter G_AXI_ARID_INDEX bound to: 85 - type: integer 
	Parameter G_AXI_ARID_WIDTH bound to: 1 - type: integer 
	Parameter G_AXI_ARQOS_INDEX bound to: 86 - type: integer 
	Parameter G_AXI_ARQOS_WIDTH bound to: 4 - type: integer 
	Parameter G_AXI_ARREGION_INDEX bound to: 90 - type: integer 
	Parameter G_AXI_ARREGION_WIDTH bound to: 4 - type: integer 
	Parameter G_AXI_ARUSER_INDEX bound to: 94 - type: integer 
	Parameter G_AXI_ARUSER_WIDTH bound to: 0 - type: integer 
	Parameter G_AXI_ARPAYLOAD_WIDTH bound to: 94 - type: integer 
	Parameter G_AXI_WDATA_INDEX bound to: 0 - type: integer 
	Parameter G_AXI_WDATA_WIDTH bound to: 128 - type: integer 
	Parameter G_AXI_WSTRB_INDEX bound to: 128 - type: integer 
	Parameter G_AXI_WSTRB_WIDTH bound to: 16 - type: integer 
	Parameter G_AXI_WLAST_INDEX bound to: 144 - type: integer 
	Parameter G_AXI_WLAST_WIDTH bound to: 1 - type: integer 
	Parameter G_AXI_WID_INDEX bound to: 145 - type: integer 
	Parameter G_AXI_WID_WIDTH bound to: 0 - type: integer 
	Parameter G_AXI_WUSER_INDEX bound to: 145 - type: integer 
	Parameter G_AXI_WUSER_WIDTH bound to: 0 - type: integer 
	Parameter G_AXI_WPAYLOAD_WIDTH bound to: 145 - type: integer 
	Parameter G_AXI_BRESP_INDEX bound to: 0 - type: integer 
	Parameter G_AXI_BRESP_WIDTH bound to: 2 - type: integer 
	Parameter G_AXI_BID_INDEX bound to: 2 - type: integer 
	Parameter G_AXI_BID_WIDTH bound to: 1 - type: integer 
	Parameter G_AXI_BUSER_INDEX bound to: 3 - type: integer 
	Parameter G_AXI_BUSER_WIDTH bound to: 0 - type: integer 
	Parameter G_AXI_BPAYLOAD_WIDTH bound to: 3 - type: integer 
	Parameter G_AXI_RDATA_INDEX bound to: 0 - type: integer 
	Parameter G_AXI_RDATA_WIDTH bound to: 128 - type: integer 
	Parameter G_AXI_RRESP_INDEX bound to: 128 - type: integer 
	Parameter G_AXI_RRESP_WIDTH bound to: 2 - type: integer 
	Parameter G_AXI_RLAST_INDEX bound to: 130 - type: integer 
	Parameter G_AXI_RLAST_WIDTH bound to: 1 - type: integer 
	Parameter G_AXI_RID_INDEX bound to: 131 - type: integer 
	Parameter G_AXI_RID_WIDTH bound to: 1 - type: integer 
	Parameter G_AXI_RUSER_INDEX bound to: 132 - type: integer 
	Parameter G_AXI_RUSER_WIDTH bound to: 0 - type: integer 
	Parameter G_AXI_RPAYLOAD_WIDTH bound to: 132 - type: integer 
INFO: [Synth 8-6155] done synthesizing module 'axi_infrastructure_v1_1_0_axi2vector' (5#1) [/mnt/castor/seas_home/c/chen3xn/ese532_code/project_1127/ESE5320-Final-Project/_x/link/vivado/vpl/prj/prj.gen/sources_1/bd/u96v2_sbc_base/ipshared/ec67/hdl/axi_infrastructure_v1_1_vl_rfs.v:60]
INFO: [Synth 8-6157] synthesizing module 'axi_infrastructure_v1_1_0_vector2axi' [/mnt/castor/seas_home/c/chen3xn/ese532_code/project_1127/ESE5320-Final-Project/_x/link/vivado/vpl/prj/prj.gen/sources_1/bd/u96v2_sbc_base/ipshared/ec67/hdl/axi_infrastructure_v1_1_vl_rfs.v:474]
	Parameter C_AXI_PROTOCOL bound to: 0 - type: integer 
	Parameter C_AXI_ID_WIDTH bound to: 1 - type: integer 
	Parameter C_AXI_ADDR_WIDTH bound to: 64 - type: integer 
	Parameter C_AXI_DATA_WIDTH bound to: 128 - type: integer 
	Parameter C_AXI_SUPPORTS_USER_SIGNALS bound to: 0 - type: integer 
	Parameter C_AXI_SUPPORTS_REGION_SIGNALS bound to: 1 - type: integer 
	Parameter C_AXI_AWUSER_WIDTH bound to: 1 - type: integer 
	Parameter C_AXI_WUSER_WIDTH bound to: 1 - type: integer 
	Parameter C_AXI_BUSER_WIDTH bound to: 1 - type: integer 
	Parameter C_AXI_ARUSER_WIDTH bound to: 1 - type: integer 
	Parameter C_AXI_RUSER_WIDTH bound to: 1 - type: integer 
	Parameter C_AWPAYLOAD_WIDTH bound to: 94 - type: integer 
	Parameter C_WPAYLOAD_WIDTH bound to: 145 - type: integer 
	Parameter C_BPAYLOAD_WIDTH bound to: 3 - type: integer 
	Parameter C_ARPAYLOAD_WIDTH bound to: 94 - type: integer 
	Parameter C_RPAYLOAD_WIDTH bound to: 132 - type: integer 
	Parameter G_AXI_AWADDR_INDEX bound to: 0 - type: integer 
	Parameter G_AXI_AWADDR_WIDTH bound to: 64 - type: integer 
	Parameter G_AXI_AWPROT_INDEX bound to: 64 - type: integer 
	Parameter G_AXI_AWPROT_WIDTH bound to: 3 - type: integer 
	Parameter G_AXI_AWSIZE_INDEX bound to: 67 - type: integer 
	Parameter G_AXI_AWSIZE_WIDTH bound to: 3 - type: integer 
	Parameter G_AXI_AWBURST_INDEX bound to: 70 - type: integer 
	Parameter G_AXI_AWBURST_WIDTH bound to: 2 - type: integer 
	Parameter G_AXI_AWCACHE_INDEX bound to: 72 - type: integer 
	Parameter G_AXI_AWCACHE_WIDTH bound to: 4 - type: integer 
	Parameter G_AXI_AWLEN_INDEX bound to: 76 - type: integer 
	Parameter G_AXI_AWLEN_WIDTH bound to: 8 - type: integer 
	Parameter G_AXI_AWLOCK_INDEX bound to: 84 - type: integer 
	Parameter G_AXI_AWLOCK_WIDTH bound to: 1 - type: integer 
	Parameter G_AXI_AWID_INDEX bound to: 85 - type: integer 
	Parameter G_AXI_AWID_WIDTH bound to: 1 - type: integer 
	Parameter G_AXI_AWQOS_INDEX bound to: 86 - type: integer 
	Parameter G_AXI_AWQOS_WIDTH bound to: 4 - type: integer 
	Parameter G_AXI_AWREGION_INDEX bound to: 90 - type: integer 
	Parameter G_AXI_AWREGION_WIDTH bound to: 4 - type: integer 
	Parameter G_AXI_AWUSER_INDEX bound to: 94 - type: integer 
	Parameter G_AXI_AWUSER_WIDTH bound to: 0 - type: integer 
	Parameter G_AXI_AWPAYLOAD_WIDTH bound to: 94 - type: integer 
	Parameter G_AXI_ARADDR_INDEX bound to: 0 - type: integer 
	Parameter G_AXI_ARADDR_WIDTH bound to: 64 - type: integer 
	Parameter G_AXI_ARPROT_INDEX bound to: 64 - type: integer 
	Parameter G_AXI_ARPROT_WIDTH bound to: 3 - type: integer 
	Parameter G_AXI_ARSIZE_INDEX bound to: 67 - type: integer 
	Parameter G_AXI_ARSIZE_WIDTH bound to: 3 - type: integer 
	Parameter G_AXI_ARBURST_INDEX bound to: 70 - type: integer 
	Parameter G_AXI_ARBURST_WIDTH bound to: 2 - type: integer 
	Parameter G_AXI_ARCACHE_INDEX bound to: 72 - type: integer 
	Parameter G_AXI_ARCACHE_WIDTH bound to: 4 - type: integer 
	Parameter G_AXI_ARLEN_INDEX bound to: 76 - type: integer 
	Parameter G_AXI_ARLEN_WIDTH bound to: 8 - type: integer 
	Parameter G_AXI_ARLOCK_INDEX bound to: 84 - type: integer 
	Parameter G_AXI_ARLOCK_WIDTH bound to: 1 - type: integer 
	Parameter G_AXI_ARID_INDEX bound to: 85 - type: integer 
	Parameter G_AXI_ARID_WIDTH bound to: 1 - type: integer 
	Parameter G_AXI_ARQOS_INDEX bound to: 86 - type: integer 
	Parameter G_AXI_ARQOS_WIDTH bound to: 4 - type: integer 
	Parameter G_AXI_ARREGION_INDEX bound to: 90 - type: integer 
	Parameter G_AXI_ARREGION_WIDTH bound to: 4 - type: integer 
	Parameter G_AXI_ARUSER_INDEX bound to: 94 - type: integer 
	Parameter G_AXI_ARUSER_WIDTH bound to: 0 - type: integer 
	Parameter G_AXI_ARPAYLOAD_WIDTH bound to: 94 - type: integer 
	Parameter G_AXI_WDATA_INDEX bound to: 0 - type: integer 
	Parameter G_AXI_WDATA_WIDTH bound to: 128 - type: integer 
	Parameter G_AXI_WSTRB_INDEX bound to: 128 - type: integer 
	Parameter G_AXI_WSTRB_WIDTH bound to: 16 - type: integer 
	Parameter G_AXI_WLAST_INDEX bound to: 144 - type: integer 
	Parameter G_AXI_WLAST_WIDTH bound to: 1 - type: integer 
	Parameter G_AXI_WID_INDEX bound to: 145 - type: integer 
	Parameter G_AXI_WID_WIDTH bound to: 0 - type: integer 
	Parameter G_AXI_WUSER_INDEX bound to: 145 - type: integer 
	Parameter G_AXI_WUSER_WIDTH bound to: 0 - type: integer 
	Parameter G_AXI_WPAYLOAD_WIDTH bound to: 145 - type: integer 
	Parameter G_AXI_BRESP_INDEX bound to: 0 - type: integer 
	Parameter G_AXI_BRESP_WIDTH bound to: 2 - type: integer 
	Parameter G_AXI_BID_INDEX bound to: 2 - type: integer 
	Parameter G_AXI_BID_WIDTH bound to: 1 - type: integer 
	Parameter G_AXI_BUSER_INDEX bound to: 3 - type: integer 
	Parameter G_AXI_BUSER_WIDTH bound to: 0 - type: integer 
	Parameter G_AXI_BPAYLOAD_WIDTH bound to: 3 - type: integer 
	Parameter G_AXI_RDATA_INDEX bound to: 0 - type: integer 
	Parameter G_AXI_RDATA_WIDTH bound to: 128 - type: integer 
	Parameter G_AXI_RRESP_INDEX bound to: 128 - type: integer 
	Parameter G_AXI_RRESP_WIDTH bound to: 2 - type: integer 
	Parameter G_AXI_RLAST_INDEX bound to: 130 - type: integer 
	Parameter G_AXI_RLAST_WIDTH bound to: 1 - type: integer 
	Parameter G_AXI_RID_INDEX bound to: 131 - type: integer 
	Parameter G_AXI_RID_WIDTH bound to: 1 - type: integer 
	Parameter G_AXI_RUSER_INDEX bound to: 132 - type: integer 
	Parameter G_AXI_RUSER_WIDTH bound to: 0 - type: integer 
	Parameter G_AXI_RPAYLOAD_WIDTH bound to: 132 - type: integer 
INFO: [Synth 8-6155] done synthesizing module 'axi_infrastructure_v1_1_0_vector2axi' (6#1) [/mnt/castor/seas_home/c/chen3xn/ese532_code/project_1127/ESE5320-Final-Project/_x/link/vivado/vpl/prj/prj.gen/sources_1/bd/u96v2_sbc_base/ipshared/ec67/hdl/axi_infrastructure_v1_1_vl_rfs.v:474]
INFO: [Synth 8-6157] synthesizing module 'axi_register_slice_v2_1_22_axic_register_slice' [/mnt/castor/seas_home/c/chen3xn/ese532_code/project_1127/ESE5320-Final-Project/_x/link/vivado/vpl/prj/prj.gen/sources_1/bd/u96v2_sbc_base/ipshared/af2c/hdl/axi_register_slice_v2_1_vl_rfs.v:1498]
	Parameter C_FAMILY bound to: zynquplus - type: string 
	Parameter C_DATA_WIDTH bound to: 94 - type: integer 
	Parameter C_REG_CONFIG bound to: 7 - type: integer 
INFO: [Synth 8-6155] done synthesizing module 'axi_register_slice_v2_1_22_axic_register_slice' (7#1) [/mnt/castor/seas_home/c/chen3xn/ese532_code/project_1127/ESE5320-Final-Project/_x/link/vivado/vpl/prj/prj.gen/sources_1/bd/u96v2_sbc_base/ipshared/af2c/hdl/axi_register_slice_v2_1_vl_rfs.v:1498]
INFO: [Synth 8-6157] synthesizing module 'axi_register_slice_v2_1_22_axic_register_slice__parameterized0' [/mnt/castor/seas_home/c/chen3xn/ese532_code/project_1127/ESE5320-Final-Project/_x/link/vivado/vpl/prj/prj.gen/sources_1/bd/u96v2_sbc_base/ipshared/af2c/hdl/axi_register_slice_v2_1_vl_rfs.v:1498]
	Parameter C_FAMILY bound to: zynquplus - type: string 
	Parameter C_DATA_WIDTH bound to: 145 - type: integer 
	Parameter C_REG_CONFIG bound to: 1 - type: integer 
INFO: [Synth 8-6155] done synthesizing module 'axi_register_slice_v2_1_22_axic_register_slice__parameterized0' (7#1) [/mnt/castor/seas_home/c/chen3xn/ese532_code/project_1127/ESE5320-Final-Project/_x/link/vivado/vpl/prj/prj.gen/sources_1/bd/u96v2_sbc_base/ipshared/af2c/hdl/axi_register_slice_v2_1_vl_rfs.v:1498]
INFO: [Synth 8-6157] synthesizing module 'axi_register_slice_v2_1_22_axic_register_slice__parameterized1' [/mnt/castor/seas_home/c/chen3xn/ese532_code/project_1127/ESE5320-Final-Project/_x/link/vivado/vpl/prj/prj.gen/sources_1/bd/u96v2_sbc_base/ipshared/af2c/hdl/axi_register_slice_v2_1_vl_rfs.v:1498]
	Parameter C_FAMILY bound to: zynquplus - type: string 
	Parameter C_DATA_WIDTH bound to: 3 - type: integer 
	Parameter C_REG_CONFIG bound to: 7 - type: integer 
INFO: [Synth 8-6155] done synthesizing module 'axi_register_slice_v2_1_22_axic_register_slice__parameterized1' (7#1) [/mnt/castor/seas_home/c/chen3xn/ese532_code/project_1127/ESE5320-Final-Project/_x/link/vivado/vpl/prj/prj.gen/sources_1/bd/u96v2_sbc_base/ipshared/af2c/hdl/axi_register_slice_v2_1_vl_rfs.v:1498]
INFO: [Synth 8-6157] synthesizing module 'axi_register_slice_v2_1_22_axic_register_slice__parameterized2' [/mnt/castor/seas_home/c/chen3xn/ese532_code/project_1127/ESE5320-Final-Project/_x/link/vivado/vpl/prj/prj.gen/sources_1/bd/u96v2_sbc_base/ipshared/af2c/hdl/axi_register_slice_v2_1_vl_rfs.v:1498]
	Parameter C_FAMILY bound to: zynquplus - type: string 
	Parameter C_DATA_WIDTH bound to: 132 - type: integer 
	Parameter C_REG_CONFIG bound to: 1 - type: integer 
INFO: [Synth 8-6155] done synthesizing module 'axi_register_slice_v2_1_22_axic_register_slice__parameterized2' (7#1) [/mnt/castor/seas_home/c/chen3xn/ese532_code/project_1127/ESE5320-Final-Project/_x/link/vivado/vpl/prj/prj.gen/sources_1/bd/u96v2_sbc_base/ipshared/af2c/hdl/axi_register_slice_v2_1_vl_rfs.v:1498]
INFO: [Synth 8-6155] done synthesizing module 'axi_register_slice_v2_1_22_axi_register_slice' (8#1) [/mnt/castor/seas_home/c/chen3xn/ese532_code/project_1127/ESE5320-Final-Project/_x/link/vivado/vpl/prj/prj.gen/sources_1/bd/u96v2_sbc_base/ipshared/af2c/hdl/axi_register_slice_v2_1_vl_rfs.v:3726]
WARNING: [Synth 8-7071] port 'aclk2x' of module 'axi_register_slice_v2_1_22_axi_register_slice' is unconnected for instance 'mi_register_slice_inst' [/mnt/castor/seas_home/c/chen3xn/ese532_code/project_1127/ESE5320-Final-Project/_x/link/vivado/vpl/prj/prj.gen/sources_1/bd/u96v2_sbc_base/ipshared/2394/hdl/axi_dwidth_converter_v2_1_vlsyn_rfs.v:8475]
WARNING: [Synth 8-7023] instance 'mi_register_slice_inst' of module 'axi_register_slice_v2_1_22_axi_register_slice' has 93 connections declared, but only 92 given [/mnt/castor/seas_home/c/chen3xn/ese532_code/project_1127/ESE5320-Final-Project/_x/link/vivado/vpl/prj/prj.gen/sources_1/bd/u96v2_sbc_base/ipshared/2394/hdl/axi_dwidth_converter_v2_1_vlsyn_rfs.v:8475]
INFO: [Synth 8-6157] synthesizing module 'axi_dwidth_converter_v2_1_22_a_upsizer__parameterized0' [/mnt/castor/seas_home/c/chen3xn/ese532_code/project_1127/ESE5320-Final-Project/_x/link/vivado/vpl/prj/prj.gen/sources_1/bd/u96v2_sbc_base/ipshared/2394/hdl/axi_dwidth_converter_v2_1_vlsyn_rfs.v:3603]
	Parameter C_FAMILY bound to: rtl - type: string 
	Parameter C_AXI_PROTOCOL bound to: 0 - type: integer 
	Parameter C_AXI_ID_WIDTH bound to: 1 - type: integer 
	Parameter C_SUPPORTS_ID bound to: 0 - type: integer 
	Parameter C_AXI_ADDR_WIDTH bound to: 64 - type: integer 
	Parameter C_S_AXI_DATA_WIDTH bound to: 32 - type: integer 
	Parameter C_M_AXI_DATA_WIDTH bound to: 128 - type: integer 
	Parameter C_M_AXI_REGISTER bound to: 0 - type: integer 
	Parameter C_AXI_CHANNEL bound to: 1 - type: integer 
	Parameter C_PACKING_LEVEL bound to: 1 - type: integer 
	Parameter C_FIFO_MODE bound to: 0 - type: integer 
	Parameter C_ID_QUEUE bound to: 0 - type: integer 
	Parameter C_S_AXI_BYTES_LOG bound to: 2 - type: integer 
	Parameter C_M_AXI_BYTES_LOG bound to: 4 - type: integer 
	Parameter C_S_AXI_NATIVE_SIZE bound to: 3'b010 
	Parameter C_M_AXI_NATIVE_SIZE bound to: 3'b100 
	Parameter C_DOUBLE_LEN bound to: 24'b000000000000000011111111 
	Parameter C_FIX_BURST bound to: 2'b00 
	Parameter C_INCR_BURST bound to: 2'b01 
	Parameter C_WRAP_BURST bound to: 2'b10 
	Parameter C_NEVER_PACK bound to: 0 - type: integer 
	Parameter C_DEFAULT_PACK bound to: 1 - type: integer 
	Parameter C_ALWAYS_PACK bound to: 2 - type: integer 
	Parameter C_FIFO_DEPTH_LOG bound to: 5 - type: integer 
	Parameter C_BURST_BYTES_LOG bound to: 6 - type: integer 
	Parameter C_SI_UNUSED_LOG bound to: 62 - type: integer 
	Parameter C_MI_UNUSED_LOG bound to: 60 - type: integer 
INFO: [Synth 8-6155] done synthesizing module 'axi_dwidth_converter_v2_1_22_a_upsizer__parameterized0' (8#1) [/mnt/castor/seas_home/c/chen3xn/ese532_code/project_1127/ESE5320-Final-Project/_x/link/vivado/vpl/prj/prj.gen/sources_1/bd/u96v2_sbc_base/ipshared/2394/hdl/axi_dwidth_converter_v2_1_vlsyn_rfs.v:3603]
INFO: [Synth 8-6157] synthesizing module 'axi_register_slice_v2_1_22_axi_register_slice__parameterized0' [/mnt/castor/seas_home/c/chen3xn/ese532_code/project_1127/ESE5320-Final-Project/_x/link/vivado/vpl/prj/prj.gen/sources_1/bd/u96v2_sbc_base/ipshared/af2c/hdl/axi_register_slice_v2_1_vl_rfs.v:3726]
	Parameter C_FAMILY bound to: zynquplus - type: string 
	Parameter C_AXI_PROTOCOL bound to: 0 - type: integer 
	Parameter C_AXI_ID_WIDTH bound to: 1 - type: integer 
	Parameter C_AXI_ADDR_WIDTH bound to: 64 - type: integer 
	Parameter C_AXI_DATA_WIDTH bound to: 32 - type: integer 
	Parameter C_AXI_SUPPORTS_USER_SIGNALS bound to: 0 - type: integer 
	Parameter C_AXI_AWUSER_WIDTH bound to: 1 - type: integer 
	Parameter C_AXI_ARUSER_WIDTH bound to: 1 - type: integer 
	Parameter C_AXI_WUSER_WIDTH bound to: 1 - type: integer 
	Parameter C_AXI_RUSER_WIDTH bound to: 1 - type: integer 
	Parameter C_AXI_BUSER_WIDTH bound to: 1 - type: integer 
	Parameter C_REG_CONFIG_AW bound to: 7 - type: integer 
	Parameter C_REG_CONFIG_W bound to: 1 - type: integer 
	Parameter C_REG_CONFIG_B bound to: 7 - type: integer 
	Parameter C_REG_CONFIG_AR bound to: 7 - type: integer 
	Parameter C_REG_CONFIG_R bound to: 1 - type: integer 
	Parameter C_RESERVE_MODE bound to: 0 - type: integer 
	Parameter C_NUM_SLR_CROSSINGS bound to: 0 - type: integer 
	Parameter C_PIPELINES_MASTER_AW bound to: 0 - type: integer 
	Parameter C_PIPELINES_MASTER_W bound to: 0 - type: integer 
	Parameter C_PIPELINES_MASTER_B bound to: 0 - type: integer 
	Parameter C_PIPELINES_MASTER_AR bound to: 0 - type: integer 
	Parameter C_PIPELINES_MASTER_R bound to: 0 - type: integer 
	Parameter C_PIPELINES_SLAVE_AW bound to: 0 - type: integer 
	Parameter C_PIPELINES_SLAVE_W bound to: 0 - type: integer 
	Parameter C_PIPELINES_SLAVE_B bound to: 0 - type: integer 
	Parameter C_PIPELINES_SLAVE_AR bound to: 0 - type: integer 
	Parameter C_PIPELINES_SLAVE_R bound to: 0 - type: integer 
	Parameter C_PIPELINES_MIDDLE_AW bound to: 0 - type: integer 
	Parameter C_PIPELINES_MIDDLE_W bound to: 0 - type: integer 
	Parameter C_PIPELINES_MIDDLE_B bound to: 0 - type: integer 
	Parameter C_PIPELINES_MIDDLE_AR bound to: 0 - type: integer 
	Parameter C_PIPELINES_MIDDLE_R bound to: 0 - type: integer 
	Parameter C_AXI_SUPPORTS_REGION_SIGNALS bound to: 1 - type: integer 
	Parameter P_FORWARD bound to: 0 - type: integer 
	Parameter P_RESPONSE bound to: 1 - type: integer 
	Parameter G_AXI_AWADDR_INDEX bound to: 0 - type: integer 
	Parameter G_AXI_AWADDR_WIDTH bound to: 64 - type: integer 
	Parameter G_AXI_AWPROT_INDEX bound to: 64 - type: integer 
	Parameter G_AXI_AWPROT_WIDTH bound to: 3 - type: integer 
	Parameter G_AXI_AWSIZE_INDEX bound to: 67 - type: integer 
	Parameter G_AXI_AWSIZE_WIDTH bound to: 3 - type: integer 
	Parameter G_AXI_AWBURST_INDEX bound to: 70 - type: integer 
	Parameter G_AXI_AWBURST_WIDTH bound to: 2 - type: integer 
	Parameter G_AXI_AWCACHE_INDEX bound to: 72 - type: integer 
	Parameter G_AXI_AWCACHE_WIDTH bound to: 4 - type: integer 
	Parameter G_AXI_AWLEN_INDEX bound to: 76 - type: integer 
	Parameter G_AXI_AWLEN_WIDTH bound to: 8 - type: integer 
	Parameter G_AXI_AWLOCK_INDEX bound to: 84 - type: integer 
	Parameter G_AXI_AWLOCK_WIDTH bound to: 1 - type: integer 
	Parameter G_AXI_AWID_INDEX bound to: 85 - type: integer 
	Parameter G_AXI_AWID_WIDTH bound to: 1 - type: integer 
	Parameter G_AXI_AWQOS_INDEX bound to: 86 - type: integer 
	Parameter G_AXI_AWQOS_WIDTH bound to: 4 - type: integer 
	Parameter G_AXI_AWREGION_INDEX bound to: 90 - type: integer 
	Parameter G_AXI_AWREGION_WIDTH bound to: 4 - type: integer 
	Parameter G_AXI_AWUSER_INDEX bound to: 94 - type: integer 
	Parameter G_AXI_AWUSER_WIDTH bound to: 0 - type: integer 
	Parameter G_AXI_AWPAYLOAD_WIDTH bound to: 94 - type: integer 
	Parameter G_AXI_ARADDR_INDEX bound to: 0 - type: integer 
	Parameter G_AXI_ARADDR_WIDTH bound to: 64 - type: integer 
	Parameter G_AXI_ARPROT_INDEX bound to: 64 - type: integer 
	Parameter G_AXI_ARPROT_WIDTH bound to: 3 - type: integer 
	Parameter G_AXI_ARSIZE_INDEX bound to: 67 - type: integer 
	Parameter G_AXI_ARSIZE_WIDTH bound to: 3 - type: integer 
	Parameter G_AXI_ARBURST_INDEX bound to: 70 - type: integer 
	Parameter G_AXI_ARBURST_WIDTH bound to: 2 - type: integer 
	Parameter G_AXI_ARCACHE_INDEX bound to: 72 - type: integer 
	Parameter G_AXI_ARCACHE_WIDTH bound to: 4 - type: integer 
	Parameter G_AXI_ARLEN_INDEX bound to: 76 - type: integer 
	Parameter G_AXI_ARLEN_WIDTH bound to: 8 - type: integer 
	Parameter G_AXI_ARLOCK_INDEX bound to: 84 - type: integer 
	Parameter G_AXI_ARLOCK_WIDTH bound to: 1 - type: integer 
	Parameter G_AXI_ARID_INDEX bound to: 85 - type: integer 
	Parameter G_AXI_ARID_WIDTH bound to: 1 - type: integer 
	Parameter G_AXI_ARQOS_INDEX bound to: 86 - type: integer 
	Parameter G_AXI_ARQOS_WIDTH bound to: 4 - type: integer 
	Parameter G_AXI_ARREGION_INDEX bound to: 90 - type: integer 
	Parameter G_AXI_ARREGION_WIDTH bound to: 4 - type: integer 
	Parameter G_AXI_ARUSER_INDEX bound to: 94 - type: integer 
	Parameter G_AXI_ARUSER_WIDTH bound to: 0 - type: integer 
	Parameter G_AXI_ARPAYLOAD_WIDTH bound to: 94 - type: integer 
	Parameter G_AXI_WDATA_INDEX bound to: 0 - type: integer 
	Parameter G_AXI_WDATA_WIDTH bound to: 32 - type: integer 
	Parameter G_AXI_WSTRB_INDEX bound to: 32 - type: integer 
	Parameter G_AXI_WSTRB_WIDTH bound to: 4 - type: integer 
	Parameter G_AXI_WLAST_INDEX bound to: 36 - type: integer 
	Parameter G_AXI_WLAST_WIDTH bound to: 1 - type: integer 
	Parameter G_AXI_WID_INDEX bound to: 37 - type: integer 
	Parameter G_AXI_WID_WIDTH bound to: 0 - type: integer 
	Parameter G_AXI_WUSER_INDEX bound to: 37 - type: integer 
	Parameter G_AXI_WUSER_WIDTH bound to: 0 - type: integer 
	Parameter G_AXI_WPAYLOAD_WIDTH bound to: 37 - type: integer 
	Parameter G_AXI_BRESP_INDEX bound to: 0 - type: integer 
	Parameter G_AXI_BRESP_WIDTH bound to: 2 - type: integer 
	Parameter G_AXI_BID_INDEX bound to: 2 - type: integer 
	Parameter G_AXI_BID_WIDTH bound to: 1 - type: integer 
	Parameter G_AXI_BUSER_INDEX bound to: 3 - type: integer 
	Parameter G_AXI_BUSER_WIDTH bound to: 0 - type: integer 
	Parameter G_AXI_BPAYLOAD_WIDTH bound to: 3 - type: integer 
	Parameter G_AXI_RDATA_INDEX bound to: 0 - type: integer 
	Parameter G_AXI_RDATA_WIDTH bound to: 32 - type: integer 
	Parameter G_AXI_RRESP_INDEX bound to: 32 - type: integer 
	Parameter G_AXI_RRESP_WIDTH bound to: 2 - type: integer 
	Parameter G_AXI_RLAST_INDEX bound to: 34 - type: integer 
	Parameter G_AXI_RLAST_WIDTH bound to: 1 - type: integer 
	Parameter G_AXI_RID_INDEX bound to: 35 - type: integer 
	Parameter G_AXI_RID_WIDTH bound to: 1 - type: integer 
	Parameter G_AXI_RUSER_INDEX bound to: 36 - type: integer 
	Parameter G_AXI_RUSER_WIDTH bound to: 0 - type: integer 
	Parameter G_AXI_RPAYLOAD_WIDTH bound to: 36 - type: integer 
INFO: [Synth 8-6157] synthesizing module 'axi_infrastructure_v1_1_0_axi2vector__parameterized0' [/mnt/castor/seas_home/c/chen3xn/ese532_code/project_1127/ESE5320-Final-Project/_x/link/vivado/vpl/prj/prj.gen/sources_1/bd/u96v2_sbc_base/ipshared/ec67/hdl/axi_infrastructure_v1_1_vl_rfs.v:60]
	Parameter C_AXI_PROTOCOL bound to: 0 - type: integer 
	Parameter C_AXI_ID_WIDTH bound to: 1 - type: integer 
	Parameter C_AXI_ADDR_WIDTH bound to: 64 - type: integer 
	Parameter C_AXI_DATA_WIDTH bound to: 32 - type: integer 
	Parameter C_AXI_SUPPORTS_USER_SIGNALS bound to: 0 - type: integer 
	Parameter C_AXI_SUPPORTS_REGION_SIGNALS bound to: 1 - type: integer 
	Parameter C_AXI_AWUSER_WIDTH bound to: 1 - type: integer 
	Parameter C_AXI_WUSER_WIDTH bound to: 1 - type: integer 
	Parameter C_AXI_BUSER_WIDTH bound to: 1 - type: integer 
	Parameter C_AXI_ARUSER_WIDTH bound to: 1 - type: integer 
	Parameter C_AXI_RUSER_WIDTH bound to: 1 - type: integer 
	Parameter C_AWPAYLOAD_WIDTH bound to: 94 - type: integer 
	Parameter C_WPAYLOAD_WIDTH bound to: 37 - type: integer 
	Parameter C_BPAYLOAD_WIDTH bound to: 3 - type: integer 
	Parameter C_ARPAYLOAD_WIDTH bound to: 94 - type: integer 
	Parameter C_RPAYLOAD_WIDTH bound to: 36 - type: integer 
	Parameter G_AXI_AWADDR_INDEX bound to: 0 - type: integer 
	Parameter G_AXI_AWADDR_WIDTH bound to: 64 - type: integer 
	Parameter G_AXI_AWPROT_INDEX bound to: 64 - type: integer 
	Parameter G_AXI_AWPROT_WIDTH bound to: 3 - type: integer 
	Parameter G_AXI_AWSIZE_INDEX bound to: 67 - type: integer 
	Parameter G_AXI_AWSIZE_WIDTH bound to: 3 - type: integer 
	Parameter G_AXI_AWBURST_INDEX bound to: 70 - type: integer 
	Parameter G_AXI_AWBURST_WIDTH bound to: 2 - type: integer 
	Parameter G_AXI_AWCACHE_INDEX bound to: 72 - type: integer 
	Parameter G_AXI_AWCACHE_WIDTH bound to: 4 - type: integer 
	Parameter G_AXI_AWLEN_INDEX bound to: 76 - type: integer 
	Parameter G_AXI_AWLEN_WIDTH bound to: 8 - type: integer 
	Parameter G_AXI_AWLOCK_INDEX bound to: 84 - type: integer 
	Parameter G_AXI_AWLOCK_WIDTH bound to: 1 - type: integer 
	Parameter G_AXI_AWID_INDEX bound to: 85 - type: integer 
	Parameter G_AXI_AWID_WIDTH bound to: 1 - type: integer 
	Parameter G_AXI_AWQOS_INDEX bound to: 86 - type: integer 
	Parameter G_AXI_AWQOS_WIDTH bound to: 4 - type: integer 
	Parameter G_AXI_AWREGION_INDEX bound to: 90 - type: integer 
	Parameter G_AXI_AWREGION_WIDTH bound to: 4 - type: integer 
	Parameter G_AXI_AWUSER_INDEX bound to: 94 - type: integer 
	Parameter G_AXI_AWUSER_WIDTH bound to: 0 - type: integer 
	Parameter G_AXI_AWPAYLOAD_WIDTH bound to: 94 - type: integer 
	Parameter G_AXI_ARADDR_INDEX bound to: 0 - type: integer 
	Parameter G_AXI_ARADDR_WIDTH bound to: 64 - type: integer 
	Parameter G_AXI_ARPROT_INDEX bound to: 64 - type: integer 
	Parameter G_AXI_ARPROT_WIDTH bound to: 3 - type: integer 
	Parameter G_AXI_ARSIZE_INDEX bound to: 67 - type: integer 
	Parameter G_AXI_ARSIZE_WIDTH bound to: 3 - type: integer 
	Parameter G_AXI_ARBURST_INDEX bound to: 70 - type: integer 
	Parameter G_AXI_ARBURST_WIDTH bound to: 2 - type: integer 
	Parameter G_AXI_ARCACHE_INDEX bound to: 72 - type: integer 
	Parameter G_AXI_ARCACHE_WIDTH bound to: 4 - type: integer 
	Parameter G_AXI_ARLEN_INDEX bound to: 76 - type: integer 
	Parameter G_AXI_ARLEN_WIDTH bound to: 8 - type: integer 
	Parameter G_AXI_ARLOCK_INDEX bound to: 84 - type: integer 
	Parameter G_AXI_ARLOCK_WIDTH bound to: 1 - type: integer 
	Parameter G_AXI_ARID_INDEX bound to: 85 - type: integer 
	Parameter G_AXI_ARID_WIDTH bound to: 1 - type: integer 
	Parameter G_AXI_ARQOS_INDEX bound to: 86 - type: integer 
	Parameter G_AXI_ARQOS_WIDTH bound to: 4 - type: integer 
	Parameter G_AXI_ARREGION_INDEX bound to: 90 - type: integer 
	Parameter G_AXI_ARREGION_WIDTH bound to: 4 - type: integer 
	Parameter G_AXI_ARUSER_INDEX bound to: 94 - type: integer 
	Parameter G_AXI_ARUSER_WIDTH bound to: 0 - type: integer 
	Parameter G_AXI_ARPAYLOAD_WIDTH bound to: 94 - type: integer 
	Parameter G_AXI_WDATA_INDEX bound to: 0 - type: integer 
	Parameter G_AXI_WDATA_WIDTH bound to: 32 - type: integer 
	Parameter G_AXI_WSTRB_INDEX bound to: 32 - type: integer 
	Parameter G_AXI_WSTRB_WIDTH bound to: 4 - type: integer 
	Parameter G_AXI_WLAST_INDEX bound to: 36 - type: integer 
	Parameter G_AXI_WLAST_WIDTH bound to: 1 - type: integer 
	Parameter G_AXI_WID_INDEX bound to: 37 - type: integer 
	Parameter G_AXI_WID_WIDTH bound to: 0 - type: integer 
	Parameter G_AXI_WUSER_INDEX bound to: 37 - type: integer 
	Parameter G_AXI_WUSER_WIDTH bound to: 0 - type: integer 
	Parameter G_AXI_WPAYLOAD_WIDTH bound to: 37 - type: integer 
	Parameter G_AXI_BRESP_INDEX bound to: 0 - type: integer 
	Parameter G_AXI_BRESP_WIDTH bound to: 2 - type: integer 
	Parameter G_AXI_BID_INDEX bound to: 2 - type: integer 
	Parameter G_AXI_BID_WIDTH bound to: 1 - type: integer 
	Parameter G_AXI_BUSER_INDEX bound to: 3 - type: integer 
	Parameter G_AXI_BUSER_WIDTH bound to: 0 - type: integer 
	Parameter G_AXI_BPAYLOAD_WIDTH bound to: 3 - type: integer 
	Parameter G_AXI_RDATA_INDEX bound to: 0 - type: integer 
	Parameter G_AXI_RDATA_WIDTH bound to: 32 - type: integer 
	Parameter G_AXI_RRESP_INDEX bound to: 32 - type: integer 
	Parameter G_AXI_RRESP_WIDTH bound to: 2 - type: integer 
	Parameter G_AXI_RLAST_INDEX bound to: 34 - type: integer 
	Parameter G_AXI_RLAST_WIDTH bound to: 1 - type: integer 
	Parameter G_AXI_RID_INDEX bound to: 35 - type: integer 
	Parameter G_AXI_RID_WIDTH bound to: 1 - type: integer 
	Parameter G_AXI_RUSER_INDEX bound to: 36 - type: integer 
	Parameter G_AXI_RUSER_WIDTH bound to: 0 - type: integer 
	Parameter G_AXI_RPAYLOAD_WIDTH bound to: 36 - type: integer 
INFO: [Synth 8-6155] done synthesizing module 'axi_infrastructure_v1_1_0_axi2vector__parameterized0' (8#1) [/mnt/castor/seas_home/c/chen3xn/ese532_code/project_1127/ESE5320-Final-Project/_x/link/vivado/vpl/prj/prj.gen/sources_1/bd/u96v2_sbc_base/ipshared/ec67/hdl/axi_infrastructure_v1_1_vl_rfs.v:60]
INFO: [Synth 8-6157] synthesizing module 'axi_infrastructure_v1_1_0_vector2axi__parameterized0' [/mnt/castor/seas_home/c/chen3xn/ese532_code/project_1127/ESE5320-Final-Project/_x/link/vivado/vpl/prj/prj.gen/sources_1/bd/u96v2_sbc_base/ipshared/ec67/hdl/axi_infrastructure_v1_1_vl_rfs.v:474]
	Parameter C_AXI_PROTOCOL bound to: 0 - type: integer 
	Parameter C_AXI_ID_WIDTH bound to: 1 - type: integer 
	Parameter C_AXI_ADDR_WIDTH bound to: 64 - type: integer 
	Parameter C_AXI_DATA_WIDTH bound to: 32 - type: integer 
	Parameter C_AXI_SUPPORTS_USER_SIGNALS bound to: 0 - type: integer 
	Parameter C_AXI_SUPPORTS_REGION_SIGNALS bound to: 1 - type: integer 
	Parameter C_AXI_AWUSER_WIDTH bound to: 1 - type: integer 
	Parameter C_AXI_WUSER_WIDTH bound to: 1 - type: integer 
	Parameter C_AXI_BUSER_WIDTH bound to: 1 - type: integer 
	Parameter C_AXI_ARUSER_WIDTH bound to: 1 - type: integer 
	Parameter C_AXI_RUSER_WIDTH bound to: 1 - type: integer 
	Parameter C_AWPAYLOAD_WIDTH bound to: 94 - type: integer 
	Parameter C_WPAYLOAD_WIDTH bound to: 37 - type: integer 
	Parameter C_BPAYLOAD_WIDTH bound to: 3 - type: integer 
	Parameter C_ARPAYLOAD_WIDTH bound to: 94 - type: integer 
	Parameter C_RPAYLOAD_WIDTH bound to: 36 - type: integer 
	Parameter G_AXI_AWADDR_INDEX bound to: 0 - type: integer 
	Parameter G_AXI_AWADDR_WIDTH bound to: 64 - type: integer 
	Parameter G_AXI_AWPROT_INDEX bound to: 64 - type: integer 
	Parameter G_AXI_AWPROT_WIDTH bound to: 3 - type: integer 
	Parameter G_AXI_AWSIZE_INDEX bound to: 67 - type: integer 
	Parameter G_AXI_AWSIZE_WIDTH bound to: 3 - type: integer 
	Parameter G_AXI_AWBURST_INDEX bound to: 70 - type: integer 
	Parameter G_AXI_AWBURST_WIDTH bound to: 2 - type: integer 
	Parameter G_AXI_AWCACHE_INDEX bound to: 72 - type: integer 
	Parameter G_AXI_AWCACHE_WIDTH bound to: 4 - type: integer 
	Parameter G_AXI_AWLEN_INDEX bound to: 76 - type: integer 
	Parameter G_AXI_AWLEN_WIDTH bound to: 8 - type: integer 
	Parameter G_AXI_AWLOCK_INDEX bound to: 84 - type: integer 
	Parameter G_AXI_AWLOCK_WIDTH bound to: 1 - type: integer 
	Parameter G_AXI_AWID_INDEX bound to: 85 - type: integer 
	Parameter G_AXI_AWID_WIDTH bound to: 1 - type: integer 
	Parameter G_AXI_AWQOS_INDEX bound to: 86 - type: integer 
	Parameter G_AXI_AWQOS_WIDTH bound to: 4 - type: integer 
	Parameter G_AXI_AWREGION_INDEX bound to: 90 - type: integer 
	Parameter G_AXI_AWREGION_WIDTH bound to: 4 - type: integer 
	Parameter G_AXI_AWUSER_INDEX bound to: 94 - type: integer 
	Parameter G_AXI_AWUSER_WIDTH bound to: 0 - type: integer 
	Parameter G_AXI_AWPAYLOAD_WIDTH bound to: 94 - type: integer 
	Parameter G_AXI_ARADDR_INDEX bound to: 0 - type: integer 
	Parameter G_AXI_ARADDR_WIDTH bound to: 64 - type: integer 
	Parameter G_AXI_ARPROT_INDEX bound to: 64 - type: integer 
	Parameter G_AXI_ARPROT_WIDTH bound to: 3 - type: integer 
	Parameter G_AXI_ARSIZE_INDEX bound to: 67 - type: integer 
	Parameter G_AXI_ARSIZE_WIDTH bound to: 3 - type: integer 
	Parameter G_AXI_ARBURST_INDEX bound to: 70 - type: integer 
	Parameter G_AXI_ARBURST_WIDTH bound to: 2 - type: integer 
	Parameter G_AXI_ARCACHE_INDEX bound to: 72 - type: integer 
	Parameter G_AXI_ARCACHE_WIDTH bound to: 4 - type: integer 
	Parameter G_AXI_ARLEN_INDEX bound to: 76 - type: integer 
	Parameter G_AXI_ARLEN_WIDTH bound to: 8 - type: integer 
	Parameter G_AXI_ARLOCK_INDEX bound to: 84 - type: integer 
	Parameter G_AXI_ARLOCK_WIDTH bound to: 1 - type: integer 
	Parameter G_AXI_ARID_INDEX bound to: 85 - type: integer 
	Parameter G_AXI_ARID_WIDTH bound to: 1 - type: integer 
	Parameter G_AXI_ARQOS_INDEX bound to: 86 - type: integer 
	Parameter G_AXI_ARQOS_WIDTH bound to: 4 - type: integer 
	Parameter G_AXI_ARREGION_INDEX bound to: 90 - type: integer 
	Parameter G_AXI_ARREGION_WIDTH bound to: 4 - type: integer 
	Parameter G_AXI_ARUSER_INDEX bound to: 94 - type: integer 
	Parameter G_AXI_ARUSER_WIDTH bound to: 0 - type: integer 
	Parameter G_AXI_ARPAYLOAD_WIDTH bound to: 94 - type: integer 
	Parameter G_AXI_WDATA_INDEX bound to: 0 - type: integer 
	Parameter G_AXI_WDATA_WIDTH bound to: 32 - type: integer 
	Parameter G_AXI_WSTRB_INDEX bound to: 32 - type: integer 
	Parameter G_AXI_WSTRB_WIDTH bound to: 4 - type: integer 
	Parameter G_AXI_WLAST_INDEX bound to: 36 - type: integer 
	Parameter G_AXI_WLAST_WIDTH bound to: 1 - type: integer 
	Parameter G_AXI_WID_INDEX bound to: 37 - type: integer 
	Parameter G_AXI_WID_WIDTH bound to: 0 - type: integer 
	Parameter G_AXI_WUSER_INDEX bound to: 37 - type: integer 
	Parameter G_AXI_WUSER_WIDTH bound to: 0 - type: integer 
	Parameter G_AXI_WPAYLOAD_WIDTH bound to: 37 - type: integer 
	Parameter G_AXI_BRESP_INDEX bound to: 0 - type: integer 
	Parameter G_AXI_BRESP_WIDTH bound to: 2 - type: integer 
	Parameter G_AXI_BID_INDEX bound to: 2 - type: integer 
	Parameter G_AXI_BID_WIDTH bound to: 1 - type: integer 
	Parameter G_AXI_BUSER_INDEX bound to: 3 - type: integer 
	Parameter G_AXI_BUSER_WIDTH bound to: 0 - type: integer 
	Parameter G_AXI_BPAYLOAD_WIDTH bound to: 3 - type: integer 
	Parameter G_AXI_RDATA_INDEX bound to: 0 - type: integer 
	Parameter G_AXI_RDATA_WIDTH bound to: 32 - type: integer 
	Parameter G_AXI_RRESP_INDEX bound to: 32 - type: integer 
	Parameter G_AXI_RRESP_WIDTH bound to: 2 - type: integer 
	Parameter G_AXI_RLAST_INDEX bound to: 34 - type: integer 
	Parameter G_AXI_RLAST_WIDTH bound to: 1 - type: integer 
	Parameter G_AXI_RID_INDEX bound to: 35 - type: integer 
	Parameter G_AXI_RID_WIDTH bound to: 1 - type: integer 
	Parameter G_AXI_RUSER_INDEX bound to: 36 - type: integer 
	Parameter G_AXI_RUSER_WIDTH bound to: 0 - type: integer 
	Parameter G_AXI_RPAYLOAD_WIDTH bound to: 36 - type: integer 
INFO: [Synth 8-6155] done synthesizing module 'axi_infrastructure_v1_1_0_vector2axi__parameterized0' (8#1) [/mnt/castor/seas_home/c/chen3xn/ese532_code/project_1127/ESE5320-Final-Project/_x/link/vivado/vpl/prj/prj.gen/sources_1/bd/u96v2_sbc_base/ipshared/ec67/hdl/axi_infrastructure_v1_1_vl_rfs.v:474]
INFO: [Synth 8-6157] synthesizing module 'axi_register_slice_v2_1_22_axic_register_slice__parameterized3' [/mnt/castor/seas_home/c/chen3xn/ese532_code/project_1127/ESE5320-Final-Project/_x/link/vivado/vpl/prj/prj.gen/sources_1/bd/u96v2_sbc_base/ipshared/af2c/hdl/axi_register_slice_v2_1_vl_rfs.v:1498]
	Parameter C_FAMILY bound to: zynquplus - type: string 
	Parameter C_DATA_WIDTH bound to: 37 - type: integer 
	Parameter C_REG_CONFIG bound to: 1 - type: integer 
INFO: [Synth 8-6155] done synthesizing module 'axi_register_slice_v2_1_22_axic_register_slice__parameterized3' (8#1) [/mnt/castor/seas_home/c/chen3xn/ese532_code/project_1127/ESE5320-Final-Project/_x/link/vivado/vpl/prj/prj.gen/sources_1/bd/u96v2_sbc_base/ipshared/af2c/hdl/axi_register_slice_v2_1_vl_rfs.v:1498]
INFO: [Synth 8-6157] synthesizing module 'axi_register_slice_v2_1_22_axic_register_slice__parameterized4' [/mnt/castor/seas_home/c/chen3xn/ese532_code/project_1127/ESE5320-Final-Project/_x/link/vivado/vpl/prj/prj.gen/sources_1/bd/u96v2_sbc_base/ipshared/af2c/hdl/axi_register_slice_v2_1_vl_rfs.v:1498]
	Parameter C_FAMILY bound to: zynquplus - type: string 
	Parameter C_DATA_WIDTH bound to: 36 - type: integer 
	Parameter C_REG_CONFIG bound to: 1 - type: integer 
INFO: [Synth 8-6155] done synthesizing module 'axi_register_slice_v2_1_22_axic_register_slice__parameterized4' (8#1) [/mnt/castor/seas_home/c/chen3xn/ese532_code/project_1127/ESE5320-Final-Project/_x/link/vivado/vpl/prj/prj.gen/sources_1/bd/u96v2_sbc_base/ipshared/af2c/hdl/axi_register_slice_v2_1_vl_rfs.v:1498]
INFO: [Synth 8-6155] done synthesizing module 'axi_register_slice_v2_1_22_axi_register_slice__parameterized0' (8#1) [/mnt/castor/seas_home/c/chen3xn/ese532_code/project_1127/ESE5320-Final-Project/_x/link/vivado/vpl/prj/prj.gen/sources_1/bd/u96v2_sbc_base/ipshared/af2c/hdl/axi_register_slice_v2_1_vl_rfs.v:3726]
WARNING: [Synth 8-7071] port 'aclk2x' of module 'axi_register_slice_v2_1_22_axi_register_slice' is unconnected for instance 'si_register_slice_inst' [/mnt/castor/seas_home/c/chen3xn/ese532_code/project_1127/ESE5320-Final-Project/_x/link/vivado/vpl/prj/prj.gen/sources_1/bd/u96v2_sbc_base/ipshared/2394/hdl/axi_dwidth_converter_v2_1_vlsyn_rfs.v:7379]
WARNING: [Synth 8-7023] instance 'si_register_slice_inst' of module 'axi_register_slice_v2_1_22_axi_register_slice' has 93 connections declared, but only 92 given [/mnt/castor/seas_home/c/chen3xn/ese532_code/project_1127/ESE5320-Final-Project/_x/link/vivado/vpl/prj/prj.gen/sources_1/bd/u96v2_sbc_base/ipshared/2394/hdl/axi_dwidth_converter_v2_1_vlsyn_rfs.v:7379]
INFO: [Synth 8-6155] done synthesizing module 'axi_dwidth_converter_v2_1_22_axi_upsizer' (9#1) [/mnt/castor/seas_home/c/chen3xn/ese532_code/project_1127/ESE5320-Final-Project/_x/link/vivado/vpl/prj/prj.gen/sources_1/bd/u96v2_sbc_base/ipshared/2394/hdl/axi_dwidth_converter_v2_1_vlsyn_rfs.v:7038]
INFO: [Synth 8-6155] done synthesizing module 'axi_dwidth_converter_v2_1_22_top' (10#1) [/mnt/castor/seas_home/c/chen3xn/ese532_code/project_1127/ESE5320-Final-Project/_x/link/vivado/vpl/prj/prj.gen/sources_1/bd/u96v2_sbc_base/ipshared/2394/hdl/axi_dwidth_converter_v2_1_vlsyn_rfs.v:14462]
INFO: [Synth 8-6155] done synthesizing module 'u96v2_sbc_base_auto_us_0' (11#1) [/mnt/castor/seas_home/c/chen3xn/ese532_code/project_1127/ESE5320-Final-Project/_x/link/vivado/vpl/prj/prj.gen/sources_1/bd/u96v2_sbc_base/ip/u96v2_sbc_base_auto_us_0/synth/u96v2_sbc_base_auto_us_0.v:58]
---------------------------------------------------------------------------------
Finished RTL Elaboration : Time (s): cpu = 00:00:17 ; elapsed = 00:00:37 . Memory (MB): peak = 2925.461 ; gain = 183.781 ; free physical = 1027 ; free virtual = 3785
---------------------------------------------------------------------------------
---------------------------------------------------------------------------------
Start Handling Custom Attributes
---------------------------------------------------------------------------------
---------------------------------------------------------------------------------
Finished Handling Custom Attributes : Time (s): cpu = 00:00:17 ; elapsed = 00:00:38 . Memory (MB): peak = 2940.305 ; gain = 198.625 ; free physical = 955 ; free virtual = 3713
---------------------------------------------------------------------------------
---------------------------------------------------------------------------------
Finished RTL Optimization Phase 1 : Time (s): cpu = 00:00:17 ; elapsed = 00:00:38 . Memory (MB): peak = 2940.305 ; gain = 198.625 ; free physical = 955 ; free virtual = 3713
---------------------------------------------------------------------------------
Netlist sorting complete. Time (s): cpu = 00:00:00.07 ; elapsed = 00:00:00.07 . Memory (MB): peak = 2940.305 ; gain = 0.000 ; free physical = 933 ; free virtual = 3692
INFO: [Project 1-570] Preparing netlist for logic optimization

Processing XDC Constraints
Initializing timing engine
Parsing XDC File [/mnt/castor/seas_home/c/chen3xn/ese532_code/project_1127/ESE5320-Final-Project/_x/link/vivado/vpl/prj/prj.gen/sources_1/bd/u96v2_sbc_base/ip/u96v2_sbc_base_auto_us_0/u96v2_sbc_base_auto_us_0_ooc.xdc] for cell 'inst'
Finished Parsing XDC File [/mnt/castor/seas_home/c/chen3xn/ese532_code/project_1127/ESE5320-Final-Project/_x/link/vivado/vpl/prj/prj.gen/sources_1/bd/u96v2_sbc_base/ip/u96v2_sbc_base_auto_us_0/u96v2_sbc_base_auto_us_0_ooc.xdc] for cell 'inst'
Parsing XDC File [/mnt/castor/seas_home/c/chen3xn/ese532_code/project_1127/ESE5320-Final-Project/_x/link/vivado/vpl/prj/prj.runs/u96v2_sbc_base_auto_us_0_synth_1/dont_touch.xdc]
Finished Parsing XDC File [/mnt/castor/seas_home/c/chen3xn/ese532_code/project_1127/ESE5320-Final-Project/_x/link/vivado/vpl/prj/prj.runs/u96v2_sbc_base_auto_us_0_synth_1/dont_touch.xdc]
Completed Processing XDC Constraints

Netlist sorting complete. Time (s): cpu = 00:00:00 ; elapsed = 00:00:00 . Memory (MB): peak = 3029.117 ; gain = 0.000 ; free physical = 512 ; free virtual = 3281
INFO: [Project 1-111] Unisim Transformation Summary:
No Unisim elements were transformed.

Constraint Validation Runtime : Time (s): cpu = 00:00:00.12 ; elapsed = 00:00:00.15 . Memory (MB): peak = 3029.117 ; gain = 0.000 ; free physical = 530 ; free virtual = 3299
---------------------------------------------------------------------------------
Finished Constraint Validation : Time (s): cpu = 00:00:27 ; elapsed = 00:00:50 . Memory (MB): peak = 3029.117 ; gain = 287.438 ; free physical = 764 ; free virtual = 3536
---------------------------------------------------------------------------------
---------------------------------------------------------------------------------
Start Loading Part and Timing Information
---------------------------------------------------------------------------------
Loading part: xczu3eg-sbva484-1-i
INFO: [Synth 8-6742] Reading net delay rules and data
---------------------------------------------------------------------------------
Finished Loading Part and Timing Information : Time (s): cpu = 00:00:27 ; elapsed = 00:00:50 . Memory (MB): peak = 3029.117 ; gain = 287.438 ; free physical = 762 ; free virtual = 3534
---------------------------------------------------------------------------------
---------------------------------------------------------------------------------
Start Applying 'set_property' XDC Constraints
---------------------------------------------------------------------------------
Applied set_property KEEP_HIERARCHY = SOFT for inst. (constraint file  /mnt/castor/seas_home/c/chen3xn/ese532_code/project_1127/ESE5320-Final-Project/_x/link/vivado/vpl/prj/prj.runs/u96v2_sbc_base_auto_us_0_synth_1/dont_touch.xdc, line 9).
---------------------------------------------------------------------------------
Finished applying 'set_property' XDC Constraints : Time (s): cpu = 00:00:27 ; elapsed = 00:00:50 . Memory (MB): peak = 3029.117 ; gain = 287.438 ; free physical = 759 ; free virtual = 3531
---------------------------------------------------------------------------------
---------------------------------------------------------------------------------
Finished RTL Optimization Phase 2 : Time (s): cpu = 00:00:28 ; elapsed = 00:00:52 . Memory (MB): peak = 3029.117 ; gain = 287.438 ; free physical = 730 ; free virtual = 3499
---------------------------------------------------------------------------------
---------------------------------------------------------------------------------
Start RTL Component Statistics 
---------------------------------------------------------------------------------
Detailed RTL Component Info : 
+---Adders : 
	   2 Input    8 Bit       Adders := 4     
	   2 Input    6 Bit       Adders := 1     
	   2 Input    5 Bit       Adders := 4     
	   2 Input    4 Bit       Adders := 4     
+---Registers : 
	              145 Bit    Registers := 2     
	              132 Bit    Registers := 2     
	              128 Bit    Registers := 1     
	               94 Bit    Registers := 4     
	               37 Bit    Registers := 2     
	               36 Bit    Registers := 2     
	               35 Bit    Registers := 2     
	                8 Bit    Registers := 34    
	                5 Bit    Registers := 2     
	                4 Bit    Registers := 4     
	                3 Bit    Registers := 2     
	                2 Bit    Registers := 11    
	                1 Bit    Registers := 69    
+---Muxes : 
	   2 Input  145 Bit        Muxes := 2     
	   2 Input  132 Bit        Muxes := 2     
	   2 Input   64 Bit        Muxes := 6     
	   2 Input   37 Bit        Muxes := 2     
	   2 Input   36 Bit        Muxes := 2     
	   4 Input   32 Bit        Muxes := 2     
	   2 Input   32 Bit        Muxes := 1     
	   2 Input    8 Bit        Muxes := 38    
	   8 Input    8 Bit        Muxes := 4     
	   2 Input    4 Bit        Muxes := 9     
	   8 Input    4 Bit        Muxes := 6     
	   2 Input    3 Bit        Muxes := 2     
	   2 Input    2 Bit        Muxes := 7     
	   2 Input    1 Bit        Muxes := 99    
---------------------------------------------------------------------------------
Finished RTL Component Statistics 
---------------------------------------------------------------------------------
---------------------------------------------------------------------------------
Start Part Resource Summary
---------------------------------------------------------------------------------
Part Resources:
DSPs: 360 (col length:72)
BRAMs: 432 (col length: RAMB18 72 RAMB36 36)
---------------------------------------------------------------------------------
Finished Part Resource Summary
---------------------------------------------------------------------------------
---------------------------------------------------------------------------------
Start Cross Boundary and Area Optimization
---------------------------------------------------------------------------------
---------------------------------------------------------------------------------
Finished Cross Boundary and Area Optimization : Time (s): cpu = 00:00:35 ; elapsed = 00:00:59 . Memory (MB): peak = 3029.117 ; gain = 287.438 ; free physical = 432 ; free virtual = 3206
---------------------------------------------------------------------------------
---------------------------------------------------------------------------------
Start Applying XDC Timing Constraints
---------------------------------------------------------------------------------
---------------------------------------------------------------------------------
Finished Applying XDC Timing Constraints : Time (s): cpu = 00:00:52 ; elapsed = 00:01:31 . Memory (MB): peak = 3359.633 ; gain = 617.953 ; free physical = 958 ; free virtual = 3734
---------------------------------------------------------------------------------
---------------------------------------------------------------------------------
Start Timing Optimization
---------------------------------------------------------------------------------
---------------------------------------------------------------------------------
Finished Timing Optimization : Time (s): cpu = 00:00:56 ; elapsed = 00:01:35 . Memory (MB): peak = 3470.367 ; gain = 728.688 ; free physical = 3014 ; free virtual = 5789
---------------------------------------------------------------------------------
---------------------------------------------------------------------------------
Start Technology Mapping
---------------------------------------------------------------------------------
---------------------------------------------------------------------------------
Finished Technology Mapping : Time (s): cpu = 00:00:57 ; elapsed = 00:01:36 . Memory (MB): peak = 3470.367 ; gain = 728.688 ; free physical = 3009 ; free virtual = 5784
---------------------------------------------------------------------------------
---------------------------------------------------------------------------------
Start IO Insertion
---------------------------------------------------------------------------------
---------------------------------------------------------------------------------
Start Flattening Before IO Insertion
---------------------------------------------------------------------------------
---------------------------------------------------------------------------------
Finished Flattening Before IO Insertion
---------------------------------------------------------------------------------
---------------------------------------------------------------------------------
Start Final Netlist Cleanup
---------------------------------------------------------------------------------
---------------------------------------------------------------------------------
Finished Final Netlist Cleanup
---------------------------------------------------------------------------------
---------------------------------------------------------------------------------
Finished IO Insertion : Time (s): cpu = 00:01:00 ; elapsed = 00:01:39 . Memory (MB): peak = 3470.367 ; gain = 728.688 ; free physical = 2984 ; free virtual = 5758
---------------------------------------------------------------------------------
---------------------------------------------------------------------------------
Start Renaming Generated Instances
---------------------------------------------------------------------------------
---------------------------------------------------------------------------------
Finished Renaming Generated Instances : Time (s): cpu = 00:01:00 ; elapsed = 00:01:39 . Memory (MB): peak = 3470.367 ; gain = 728.688 ; free physical = 2984 ; free virtual = 5758
---------------------------------------------------------------------------------
---------------------------------------------------------------------------------
Start Rebuilding User Hierarchy
---------------------------------------------------------------------------------
---------------------------------------------------------------------------------
Finished Rebuilding User Hierarchy : Time (s): cpu = 00:01:00 ; elapsed = 00:01:39 . Memory (MB): peak = 3470.367 ; gain = 728.688 ; free physical = 2984 ; free virtual = 5758
---------------------------------------------------------------------------------
---------------------------------------------------------------------------------
Start Renaming Generated Ports
---------------------------------------------------------------------------------
---------------------------------------------------------------------------------
Finished Renaming Generated Ports : Time (s): cpu = 00:01:00 ; elapsed = 00:01:39 . Memory (MB): peak = 3470.367 ; gain = 728.688 ; free physical = 2984 ; free virtual = 5758
---------------------------------------------------------------------------------
---------------------------------------------------------------------------------
Start Handling Custom Attributes
---------------------------------------------------------------------------------
---------------------------------------------------------------------------------
Finished Handling Custom Attributes : Time (s): cpu = 00:01:00 ; elapsed = 00:01:39 . Memory (MB): peak = 3470.367 ; gain = 728.688 ; free physical = 2984 ; free virtual = 5758
---------------------------------------------------------------------------------
---------------------------------------------------------------------------------
Start Renaming Generated Nets
---------------------------------------------------------------------------------
---------------------------------------------------------------------------------
Finished Renaming Generated Nets : Time (s): cpu = 00:01:00 ; elapsed = 00:01:39 . Memory (MB): peak = 3470.367 ; gain = 728.688 ; free physical = 2984 ; free virtual = 5758
---------------------------------------------------------------------------------
---------------------------------------------------------------------------------
Start ROM, RAM, DSP, Shift Register and Retiming Reporting
---------------------------------------------------------------------------------

Dynamic Shift Register Report:
+------------+-------------------------------+--------+------------+--------+---------+--------+--------+--------+
|Module Name | RTL Name                      | Length | Data Width | SRL16E | SRLC32E | Mux F7 | Mux F8 | Mux F9 | 
+------------+-------------------------------+--------+------------+--------+---------+--------+--------+--------+
|dsrl        | USE_RTL_FIFO.data_srl_reg[31] | 35     | 35         | 0      | 35      | 0      | 0      | 0      | 
+------------+-------------------------------+--------+------------+--------+---------+--------+--------+--------+

---------------------------------------------------------------------------------
Finished ROM, RAM, DSP, Shift Register and Retiming Reporting
---------------------------------------------------------------------------------
---------------------------------------------------------------------------------
Start Writing Synthesis Report
---------------------------------------------------------------------------------

Report BlackBoxes: 
+-+--------------+----------+
| |BlackBox name |Instances |
+-+--------------+----------+
+-+--------------+----------+

Report Cell Usage: 
+------+--------+------+
|      |Cell    |Count |
+------+--------+------+
|1     |CARRY8  |     2|
|2     |LUT1    |     6|
|3     |LUT2    |    36|
|4     |LUT3    |   189|
|5     |LUT4    |    70|
|6     |LUT5    |   222|
|7     |LUT6    |   253|
|8     |MUXF7   |    32|
|9     |SRLC32E |    66|
|10    |FDRE    |   993|
|11    |FDSE    |     6|
+------+--------+------+
---------------------------------------------------------------------------------
Finished Writing Synthesis Report : Time (s): cpu = 00:01:00 ; elapsed = 00:01:39 . Memory (MB): peak = 3470.367 ; gain = 728.688 ; free physical = 2984 ; free virtual = 5758
---------------------------------------------------------------------------------
Synthesis finished with 0 errors, 0 critical warnings and 0 warnings.
Synthesis Optimization Runtime : Time (s): cpu = 00:00:54 ; elapsed = 00:01:31 . Memory (MB): peak = 3470.367 ; gain = 639.875 ; free physical = 3020 ; free virtual = 5794
Synthesis Optimization Complete : Time (s): cpu = 00:01:00 ; elapsed = 00:01:39 . Memory (MB): peak = 3470.375 ; gain = 728.688 ; free physical = 3020 ; free virtual = 5794
INFO: [Project 1-571] Translating synthesized netlist
Netlist sorting complete. Time (s): cpu = 00:00:00.03 ; elapsed = 00:00:00.02 . Memory (MB): peak = 3470.375 ; gain = 0.000 ; free physical = 3114 ; free virtual = 5888
INFO: [Netlist 29-17] Analyzing 34 Unisim elements for replacement
INFO: [Netlist 29-28] Unisim Transformation completed in 0 CPU seconds
INFO: [Project 1-570] Preparing netlist for logic optimization
INFO: [Opt 31-138] Pushed 0 inverter(s) to 0 load pin(s).
Netlist sorting complete. Time (s): cpu = 00:00:00 ; elapsed = 00:00:00 . Memory (MB): peak = 3470.375 ; gain = 0.000 ; free physical = 3064 ; free virtual = 5839
INFO: [Project 1-111] Unisim Transformation Summary:
No Unisim elements were transformed.

INFO: [Common 17-83] Releasing license: Synthesis
62 Infos, 4 Warnings, 0 Critical Warnings and 0 Errors encountered.
synth_design completed successfully
synth_design: Time (s): cpu = 00:01:14 ; elapsed = 00:01:57 . Memory (MB): peak = 3470.375 ; gain = 1074.094 ; free physical = 3227 ; free virtual = 6001
INFO: [Common 17-600] The following parameters have non-default value.
general.maxThreads
INFO: [Common 17-1381] The checkpoint '/mnt/castor/seas_home/c/chen3xn/ese532_code/project_1127/ESE5320-Final-Project/_x/link/vivado/vpl/prj/prj.runs/u96v2_sbc_base_auto_us_0_synth_1/u96v2_sbc_base_auto_us_0.dcp' has been generated.
WARNING: [Common 17-576] 'use_project_ipc' is deprecated. This option is deprecated and no longer used.
INFO: [Coretcl 2-1648] Added synthesis output to IP cache for IP u96v2_sbc_base_auto_us_0, cache-ID = a67b2c690fe183e0
INFO: [Coretcl 2-1174] Renamed 13 cell refs.
INFO: [Common 17-1381] The checkpoint '/mnt/castor/seas_home/c/chen3xn/ese532_code/project_1127/ESE5320-Final-Project/_x/link/vivado/vpl/prj/prj.runs/u96v2_sbc_base_auto_us_0_synth_1/u96v2_sbc_base_auto_us_0.dcp' has been generated.
INFO: [runtcl-4] Executing : report_utilization -file u96v2_sbc_base_auto_us_0_utilization_synth.rpt -pb u96v2_sbc_base_auto_us_0_utilization_synth.pb
INFO: [Common 17-206] Exiting Vivado at Tue Nov 28 20:23:28 2023...
