Copyright 1986-2020 Xilinx, Inc. All Rights Reserved.
------------------------------------------------------------------------------------------------------------------------------------------------------------------------------------------------------
| Tool Version : Vivado v.2020.2 (lin64) Build 3064766 Wed Nov 18 09:12:47 MST 2020
| Date         : Tue Nov 28 20:34:39 2023
| Host         : big21.seas.upenn.edu running 64-bit openSUSE Leap 15.5
| Command      : report_accelerator_utilization -kernels { hardware_encoding:u96v2_sbc_base_i/hardware_encoding_1/U0:hardware_encoding_1} -file kernel_util_routed.rpt -name kernel_util_routed -json
| Design       : u96v2_sbc_base_wrapper
| Device       : xczu3eg
| Design State : Routed
------------------------------------------------------------------------------------------------------------------------------------------------------------------------------------------------------

Accelerator Utilization Design Information

Table of Contents
-----------------
1. System Utilization

1. System Utilization
---------------------

+------------------------+-----------------+-----------------+------------------+---------------+---------------+
| Name                   | LUT             | LUTAsMem        | REG              | BRAM          | DSP           |
+------------------------+-----------------+-----------------+------------------+---------------+---------------+
| Platform               | 14453 [ 20.48%] |  1004 [  3.49%] |  16259 [ 11.52%] |   4 [  1.85%] |   0 [  0.00%] |
| User Budget            | 56107 [100.00%] | 27796 [100.00%] | 124861 [100.00%] | 212 [100.00%] | 360 [100.00%] |
|    Used Resources      |  4377 [  7.80%] |   453 [  1.63%] |   3762 [  3.01%] |  34 [ 16.04%] |   0 [  0.00%] |
|    Unused Resources    | 51730 [ 92.20%] | 27343 [ 98.37%] | 121099 [ 96.99%] | 178 [ 83.96%] | 360 [100.00%] |
| hardware_encoding      |  4377 [  7.80%] |   453 [  1.63%] |   3762 [  3.01%] |  34 [ 16.04%] |   0 [  0.00%] |
|    hardware_encoding_1 |  4377 [  7.80%] |   453 [  1.63%] |   3762 [  3.01%] |  34 [ 16.04%] |   0 [  0.00%] |
+------------------------+-----------------+-----------------+------------------+---------------+---------------+


