INFO: [v++ 60-1306] Additional information associated with this v++ link can be found at:
	Reports: /mnt/castor/seas_home/c/chen3xn/ese532_code/project_1127/ESE5320-Final-Project/_x/reports/link
	Log files: /mnt/castor/seas_home/c/chen3xn/ese532_code/project_1127/ESE5320-Final-Project/_x/logs/link
INFO: [v++ 60-1548] Creating build summary session with primary output /mnt/castor/seas_home/c/chen3xn/ese532_code/project_1127/ESE5320-Final-Project/kernel.xclbin.link_summary, at Tue Nov 28 20:13:17 2023
INFO: [v++ 60-1316] Initiating connection to rulecheck server, at Tue Nov 28 20:13:18 2023
INFO: [v++ 60-1315] Creating rulecheck session with output '/mnt/castor/seas_home/c/chen3xn/ese532_code/project_1127/ESE5320-Final-Project/_x/reports/link/v++_link_kernel_guidance.html', at Tue Nov 28 20:13:19 2023
INFO: [v++ 60-895]   Target platform: /home1/e/ese5320/u96v2_sbc_base/u96v2_sbc_base.xpfm
INFO: [v++ 60-1578]   This platform contains Xilinx Shell Archive '/home1/e/ese5320/u96v2_sbc_base/hw/u96v2_sbc_base.xsa'
INFO: [v++ 60-629] Linking for hardware target
INFO: [v++ 60-423]   Target device: u96v2_sbc_base
INFO: [v++ 60-1332] Run 'run_link' status: Not started
INFO: [v++ 60-1443] [20:13:21] Run run_link: Step system_link: Started
INFO: [v++ 60-1453] Command Line: system_link --xo /mnt/castor/seas_home/c/chen3xn/ese532_code/project_1127/ESE5320-Final-Project/kernel.xo -keep --config /mnt/castor/seas_home/c/chen3xn/ese532_code/project_1127/ESE5320-Final-Project/_x/link/int/syslinkConfig.ini --xpfm /home1/e/ese5320/u96v2_sbc_base/u96v2_sbc_base.xpfm --target hw --output_dir /mnt/castor/seas_home/c/chen3xn/ese532_code/project_1127/ESE5320-Final-Project/_x/link/int --temp_dir /mnt/castor/seas_home/c/chen3xn/ese532_code/project_1127/ESE5320-Final-Project/_x/link/sys_link
INFO: [v++ 60-1454] Run Directory: /mnt/castor/seas_home/c/chen3xn/ese532_code/project_1127/ESE5320-Final-Project/_x/link/run_link
INFO: [SYSTEM_LINK 60-1316] Initiating connection to rulecheck server, at Tue Nov 28 20:13:22 2023
INFO: [SYSTEM_LINK 82-70] Extracting xo v3 file /mnt/castor/seas_home/c/chen3xn/ese532_code/project_1127/ESE5320-Final-Project/kernel.xo
INFO: [SYSTEM_LINK 82-53] Creating IP database /mnt/castor/seas_home/c/chen3xn/ese532_code/project_1127/ESE5320-Final-Project/_x/link/sys_link/_sysl/.cdb/xd_ip_db.xml
INFO: [SYSTEM_LINK 82-38] [20:13:23] build_xd_ip_db started: /mnt/pollux/software/xilinx/2020.2/Vitis/2020.2/bin/build_xd_ip_db -ip_search 0  -sds-pf /mnt/castor/seas_home/c/chen3xn/ese532_code/project_1127/ESE5320-Final-Project/_x/link/sys_link/u96v2_sbc_base.hpfm -clkid 0 -ip /mnt/castor/seas_home/c/chen3xn/ese532_code/project_1127/ESE5320-Final-Project/_x/link/sys_link/iprepo/xilinx_com_hls_hardware_encoding_1_0,hardware_encoding -o /mnt/castor/seas_home/c/chen3xn/ese532_code/project_1127/ESE5320-Final-Project/_x/link/sys_link/_sysl/.cdb/xd_ip_db.xml
INFO: [SYSTEM_LINK 82-37] [20:13:27] build_xd_ip_db finished successfully
Time (s): cpu = 00:00:04 ; elapsed = 00:00:04 . Memory (MB): peak = 1681.586 ; gain = 0.000 ; free physical = 1410 ; free virtual = 11779
INFO: [SYSTEM_LINK 82-51] Create system connectivity graph
INFO: [SYSTEM_LINK 82-102] Applying explicit connections to the system connectivity graph: /mnt/castor/seas_home/c/chen3xn/ese532_code/project_1127/ESE5320-Final-Project/_x/link/sys_link/cfgraph/cfgen_cfgraph.xml
INFO: [SYSTEM_LINK 82-38] [20:13:27] cfgen started: /mnt/pollux/software/xilinx/2020.2/Vitis/2020.2/bin/cfgen  -nk hardware_encoding:1:hardware_encoding_1 -dmclkid 0 -r /mnt/castor/seas_home/c/chen3xn/ese532_code/project_1127/ESE5320-Final-Project/_x/link/sys_link/_sysl/.cdb/xd_ip_db.xml -o /mnt/castor/seas_home/c/chen3xn/ese532_code/project_1127/ESE5320-Final-Project/_x/link/sys_link/cfgraph/cfgen_cfgraph.xml
INFO: [CFGEN 83-0] Kernel Specs: 
INFO: [CFGEN 83-0]   kernel: hardware_encoding, num: 1  {hardware_encoding_1}
INFO: [CFGEN 83-2226] Inferring mapping for argument hardware_encoding_1.s1 to HP0
INFO: [CFGEN 83-2226] Inferring mapping for argument hardware_encoding_1.out_code to HP0
INFO: [CFGEN 83-2226] Inferring mapping for argument hardware_encoding_1.header to HP0
INFO: [CFGEN 83-2226] Inferring mapping for argument hardware_encoding_1.out_len to HP0
INFO: [SYSTEM_LINK 82-37] [20:13:28] cfgen finished successfully
Time (s): cpu = 00:00:00.98 ; elapsed = 00:00:01 . Memory (MB): peak = 1681.586 ; gain = 0.000 ; free physical = 1406 ; free virtual = 11776
INFO: [SYSTEM_LINK 82-52] Create top-level block diagram
INFO: [SYSTEM_LINK 82-38] [20:13:28] cf2bd started: /mnt/pollux/software/xilinx/2020.2/Vitis/2020.2/bin/cf2bd  --linux --trace_buffer 1024 --input_file /mnt/castor/seas_home/c/chen3xn/ese532_code/project_1127/ESE5320-Final-Project/_x/link/sys_link/cfgraph/cfgen_cfgraph.xml --ip_db /mnt/castor/seas_home/c/chen3xn/ese532_code/project_1127/ESE5320-Final-Project/_x/link/sys_link/_sysl/.cdb/xd_ip_db.xml --cf_name dr --working_dir /mnt/castor/seas_home/c/chen3xn/ese532_code/project_1127/ESE5320-Final-Project/_x/link/sys_link/_sysl/.xsd --temp_dir /mnt/castor/seas_home/c/chen3xn/ese532_code/project_1127/ESE5320-Final-Project/_x/link/sys_link --output_dir /mnt/castor/seas_home/c/chen3xn/ese532_code/project_1127/ESE5320-Final-Project/_x/link/int
INFO: [CF2BD 82-31] Launching cf2xd: cf2xd -linux -trace-buffer 1024 -i /mnt/castor/seas_home/c/chen3xn/ese532_code/project_1127/ESE5320-Final-Project/_x/link/sys_link/cfgraph/cfgen_cfgraph.xml -r /mnt/castor/seas_home/c/chen3xn/ese532_code/project_1127/ESE5320-Final-Project/_x/link/sys_link/_sysl/.cdb/xd_ip_db.xml -o dr.xml
INFO: [CF2BD 82-28] cf2xd finished successfully
INFO: [CF2BD 82-31] Launching cf_xsd: cf_xsd -disable-address-gen -dn dr -dp /mnt/castor/seas_home/c/chen3xn/ese532_code/project_1127/ESE5320-Final-Project/_x/link/sys_link/_sysl/.xsd
INFO: [CF2BD 82-28] cf_xsd finished successfully
INFO: [SYSTEM_LINK 82-37] [20:13:31] cf2bd finished successfully
Time (s): cpu = 00:00:01 ; elapsed = 00:00:02 . Memory (MB): peak = 1681.586 ; gain = 0.000 ; free physical = 1399 ; free virtual = 11774
INFO: [v++ 60-1441] [20:13:31] Run run_link: Step system_link: Completed
Time (s): cpu = 00:00:09 ; elapsed = 00:00:10 . Memory (MB): peak = 1574.652 ; gain = 0.000 ; free physical = 1439 ; free virtual = 11815
INFO: [v++ 60-1443] [20:13:31] Run run_link: Step cf2sw: Started
INFO: [v++ 60-1453] Command Line: cf2sw -sdsl /mnt/castor/seas_home/c/chen3xn/ese532_code/project_1127/ESE5320-Final-Project/_x/link/int/sdsl.dat -rtd /mnt/castor/seas_home/c/chen3xn/ese532_code/project_1127/ESE5320-Final-Project/_x/link/int/cf2sw.rtd -nofilter /mnt/castor/seas_home/c/chen3xn/ese532_code/project_1127/ESE5320-Final-Project/_x/link/int/cf2sw_full.rtd -xclbin /mnt/castor/seas_home/c/chen3xn/ese532_code/project_1127/ESE5320-Final-Project/_x/link/int/xclbin_orig.xml -o /mnt/castor/seas_home/c/chen3xn/ese532_code/project_1127/ESE5320-Final-Project/_x/link/int/xclbin_orig.1.xml
INFO: [v++ 60-1454] Run Directory: /mnt/castor/seas_home/c/chen3xn/ese532_code/project_1127/ESE5320-Final-Project/_x/link/run_link
INFO: [v++ 60-1441] [20:13:32] Run run_link: Step cf2sw: Completed
Time (s): cpu = 00:00:01 ; elapsed = 00:00:02 . Memory (MB): peak = 1574.652 ; gain = 0.000 ; free physical = 1450 ; free virtual = 11827
INFO: [v++ 60-1443] [20:13:32] Run run_link: Step rtd2_system_diagram: Started
INFO: [v++ 60-1453] Command Line: rtd2SystemDiagram
INFO: [v++ 60-1454] Run Directory: /mnt/castor/seas_home/c/chen3xn/ese532_code/project_1127/ESE5320-Final-Project/_x/link/run_link
INFO: [v++ 60-1441] [20:13:35] Run run_link: Step rtd2_system_diagram: Completed
Time (s): cpu = 00:00:00.01 ; elapsed = 00:00:03 . Memory (MB): peak = 1574.652 ; gain = 0.000 ; free physical = 688 ; free virtual = 11109
INFO: [v++ 60-1443] [20:13:35] Run run_link: Step vpl: Started
INFO: [v++ 60-1453] Command Line: vpl -t hw -f /home1/e/ese5320/u96v2_sbc_base/u96v2_sbc_base.xpfm -g --remote_ip_cache /mnt/castor/seas_home/c/chen3xn/ese532_code/project_1127/ESE5320-Final-Project/.ipcache -s --output_dir /mnt/castor/seas_home/c/chen3xn/ese532_code/project_1127/ESE5320-Final-Project/_x/link/int --log_dir /mnt/castor/seas_home/c/chen3xn/ese532_code/project_1127/ESE5320-Final-Project/_x/logs/link --report_dir /mnt/castor/seas_home/c/chen3xn/ese532_code/project_1127/ESE5320-Final-Project/_x/reports/link --config /mnt/castor/seas_home/c/chen3xn/ese532_code/project_1127/ESE5320-Final-Project/_x/link/int/vplConfig.ini -k /mnt/castor/seas_home/c/chen3xn/ese532_code/project_1127/ESE5320-Final-Project/_x/link/int/kernel_info.dat --webtalk_flag Vitis --temp_dir /mnt/castor/seas_home/c/chen3xn/ese532_code/project_1127/ESE5320-Final-Project/_x/link --no-info --iprepo /mnt/castor/seas_home/c/chen3xn/ese532_code/project_1127/ESE5320-Final-Project/_x/link/int/xo/ip_repo/xilinx_com_hls_hardware_encoding_1_0 --messageDb /mnt/castor/seas_home/c/chen3xn/ese532_code/project_1127/ESE5320-Final-Project/_x/link/run_link/vpl.pb /mnt/castor/seas_home/c/chen3xn/ese532_code/project_1127/ESE5320-Final-Project/_x/link/int/dr.bd.tcl
INFO: [v++ 60-1454] Run Directory: /mnt/castor/seas_home/c/chen3xn/ese532_code/project_1127/ESE5320-Final-Project/_x/link/run_link

****** vpl v2020.2 (64-bit)
  **** SW Build (by xbuild) on 2020-11-18-05:13:29
    ** Copyright 1986-2020 Xilinx, Inc. All Rights Reserved.

INFO: [VPL 60-839] Read in kernel information from file '/mnt/castor/seas_home/c/chen3xn/ese532_code/project_1127/ESE5320-Final-Project/_x/link/int/kernel_info.dat'.
INFO: [VPL 60-423]   Target device: u96v2_sbc_base
INFO: [VPL 60-1032] Extracting hardware platform to /mnt/castor/seas_home/c/chen3xn/ese532_code/project_1127/ESE5320-Final-Project/_x/link/vivado/vpl/.local/hw_platform
WARNING: /mnt/pollux/software/xilinx/2020.2/Vitis/2020.2/tps/lnx64/jre9.0.4 does not exist.
[20:14:07] Run vpl: Step create_project: Started
Creating Vivado project.
[20:14:43] Run vpl: Step create_project: Completed
[20:14:43] Run vpl: Step create_bd: Started
[20:15:04] Run vpl: Step create_bd: Completed
[20:15:04] Run vpl: Step update_bd: Started
[20:15:04] Run vpl: Step update_bd: Completed
[20:15:04] Run vpl: Step generate_target: Started
[20:16:11] Run vpl: Step generate_target: Completed
[20:16:11] Run vpl: Step config_hw_runs: Started
[20:16:23] Run vpl: Step config_hw_runs: Completed
[20:16:23] Run vpl: Step synth: Started
[20:17:37] Block-level synthesis in progress, 0 of 25 jobs complete, 4 jobs running.
[20:18:09] Block-level synthesis in progress, 0 of 25 jobs complete, 4 jobs running.
[20:18:40] Block-level synthesis in progress, 0 of 25 jobs complete, 4 jobs running.
[20:19:12] Block-level synthesis in progress, 0 of 25 jobs complete, 4 jobs running.
[20:19:43] Block-level synthesis in progress, 3 of 25 jobs complete, 1 job running.
[20:20:14] Block-level synthesis in progress, 7 of 25 jobs complete, 1 job running.
[20:20:45] Block-level synthesis in progress, 10 of 25 jobs complete, 2 jobs running.
[20:21:16] Block-level synthesis in progress, 11 of 25 jobs complete, 3 jobs running.
[20:21:47] Block-level synthesis in progress, 11 of 25 jobs complete, 4 jobs running.
[20:22:18] Block-level synthesis in progress, 11 of 25 jobs complete, 4 jobs running.
[20:22:49] Block-level synthesis in progress, 12 of 25 jobs complete, 3 jobs running.
[20:23:21] Block-level synthesis in progress, 15 of 25 jobs complete, 1 job running.
[20:23:52] Block-level synthesis in progress, 19 of 25 jobs complete, 1 job running.
[20:24:23] Block-level synthesis in progress, 22 of 25 jobs complete, 2 jobs running.
[20:24:55] Block-level synthesis in progress, 22 of 25 jobs complete, 3 jobs running.
[20:25:26] Block-level synthesis in progress, 22 of 25 jobs complete, 3 jobs running.
[20:25:57] Block-level synthesis in progress, 24 of 25 jobs complete, 1 job running.
[20:26:29] Block-level synthesis in progress, 24 of 25 jobs complete, 1 job running.
[20:27:00] Block-level synthesis in progress, 24 of 25 jobs complete, 1 job running.
[20:27:31] Block-level synthesis in progress, 24 of 25 jobs complete, 1 job running.
[20:28:02] Block-level synthesis in progress, 25 of 25 jobs complete, 0 jobs running.
[20:28:33] Top-level synthesis in progress.
[20:29:04] Top-level synthesis in progress.
[20:29:35] Top-level synthesis in progress.
[20:29:52] Run vpl: Step synth: Completed
[20:29:52] Run vpl: Step impl: Started
[20:31:57] Finished 2nd of 6 tasks (FPGA linking synthesized kernels to platform). Elapsed time: 00h 18m 20s 

[20:31:57] Starting logic optimization..
[20:31:57] Phase 1 Retarget
[20:31:57] Phase 2 Constant propagation
[20:31:57] Phase 3 Sweep
[20:31:57] Phase 4 BUFG optimization
[20:31:57] Phase 5 Shift Register Optimization
[20:31:57] Phase 6 Post Processing Netlist
[20:32:28] Finished 3rd of 6 tasks (FPGA logic optimization). Elapsed time: 00h 00m 31s 

[20:32:28] Starting logic placement..
[20:32:28] Phase 1 Placer Initialization
[20:32:28] Phase 1.1 Placer Initialization Netlist Sorting
[20:32:28] Phase 1.2 IO Placement/ Clock Placement/ Build Placer Device
[20:32:28] Phase 1.3 Build Placer Netlist Model
[20:33:00] Phase 1.4 Constrain Clocks/Macros
[20:33:00] Phase 2 Global Placement
[20:33:00] Phase 2.1 Floorplanning
[20:33:00] Phase 2.1.1 Partition Driven Placement
[20:33:00] Phase 2.1.1.1 PBP: Partition Driven Placement
[20:33:00] Phase 2.1.1.2 PBP: Clock Region Placement
[20:33:00] Phase 2.1.1.3 PBP: Discrete Incremental
[20:33:00] Phase 2.1.1.4 PBP: Compute Congestion
[20:33:00] Phase 2.1.1.5 PBP: Macro Placement
[20:33:00] Phase 2.1.1.6 PBP: UpdateTiming
[20:33:00] Phase 2.1.1.7 PBP: Add part constraints
[20:33:00] Phase 2.2 Update Timing before SLR Path Opt
[20:33:00] Phase 2.3 Global Placement Core
[20:33:00] Phase 2.3.1 Physical Synthesis In Placer
[20:33:31] Phase 3 Detail Placement
[20:33:31] Phase 3.1 Commit Multi Column Macros
[20:33:31] Phase 3.2 Commit Most Macros & LUTRAMs
[20:33:31] Phase 3.3 Small Shape DP
[20:33:31] Phase 3.3.1 Small Shape Clustering
[20:33:31] Phase 3.3.2 Flow Legalize Slice Clusters
[20:33:31] Phase 3.3.3 Slice Area Swap
[20:33:31] Phase 3.4 Re-assign LUT pins
[20:33:31] Phase 3.5 Pipeline Register Optimization
[20:33:31] Phase 4 Post Placement Optimization and Clean-Up
[20:33:31] Phase 4.1 Post Commit Optimization
[20:33:31] Phase 4.1.1 Post Placement Optimization
[20:33:31] Phase 4.1.1.1 BUFG Insertion
[20:33:31] Phase 1 Physical Synthesis Initialization
[20:33:31] Phase 4.2 Post Placement Cleanup
[20:33:31] Phase 4.3 Placer Reporting
[20:33:31] Phase 4.3.1 Print Estimated Congestion
[20:33:31] Phase 4.4 Final Placement Cleanup
[20:34:02] Finished 4th of 6 tasks (FPGA logic placement). Elapsed time: 00h 01m 34s 

[20:34:02] Starting logic routing..
[20:34:02] Phase 1 Build RT Design
[20:34:02] Phase 2 Router Initialization
[20:34:02] Phase 2.1 Fix Topology Constraints
[20:34:02] Phase 2.2 Pre Route Cleanup
[20:34:02] Phase 2.3 Global Clock Net Routing
[20:34:02] Phase 2.4 Update Timing
[20:34:02] Phase 3 Initial Routing
[20:34:02] Phase 3.1 Global Routing
[20:34:02] Phase 4 Rip-up And Reroute
[20:34:02] Phase 4.1 Global Iteration 0
[20:34:34] Phase 4.2 Additional Iteration for Hold
[20:34:34] Phase 5 Delay and Skew Optimization
[20:34:34] Phase 5.1 Delay CleanUp
[20:34:34] Phase 5.1.1 Update Timing
[20:34:34] Phase 5.2 Clock Skew Optimization
[20:34:34] Phase 6 Post Hold Fix
[20:34:34] Phase 6.1 Hold Fix Iter
[20:34:34] Phase 6.1.1 Update Timing
[20:34:34] Phase 7 Route finalize
[20:34:34] Phase 8 Verifying routed nets
[20:34:34] Phase 9 Depositing Routes
[20:34:34] Phase 10 Route finalize
[20:34:34] Phase 11 Post Router Timing
[20:35:05] Finished 5th of 6 tasks (FPGA routing). Elapsed time: 00h 01m 02s 

[20:35:05] Starting bitstream generation..
[20:35:23] Run vpl: Step impl: Completed
[20:35:24] Creating bitmap...
[20:35:24] Writing bitstream ./u96v2_sbc_base_wrapper.bit...
[20:35:24] Finished 6th of 6 tasks (FPGA bitstream generation). Elapsed time: 00h 00m 18s 
[20:35:24] Run vpl: FINISHED. Run Status: impl Complete!
INFO: [v++ 60-1441] [20:35:26] Run run_link: Step vpl: Completed
Time (s): cpu = 00:00:11 ; elapsed = 00:21:51 . Memory (MB): peak = 1574.652 ; gain = 0.000 ; free physical = 7824 ; free virtual = 10943
INFO: [v++ 60-1443] [20:35:26] Run run_link: Step rtdgen: Started
INFO: [v++ 60-1453] Command Line: rtdgen
INFO: [v++ 60-1454] Run Directory: /mnt/castor/seas_home/c/chen3xn/ese532_code/project_1127/ESE5320-Final-Project/_x/link/run_link
INFO: [v++ 60-1453] Command Line: cf2sw -a /mnt/castor/seas_home/c/chen3xn/ese532_code/project_1127/ESE5320-Final-Project/_x/link/int/address_map.xml -sdsl /mnt/castor/seas_home/c/chen3xn/ese532_code/project_1127/ESE5320-Final-Project/_x/link/int/sdsl.dat -xclbin /mnt/castor/seas_home/c/chen3xn/ese532_code/project_1127/ESE5320-Final-Project/_x/link/int/xclbin_orig.xml -rtd /mnt/castor/seas_home/c/chen3xn/ese532_code/project_1127/ESE5320-Final-Project/_x/link/int/kernel.rtd -o /mnt/castor/seas_home/c/chen3xn/ese532_code/project_1127/ESE5320-Final-Project/_x/link/int/kernel.xml
INFO: [v++ 60-1652] Cf2sw returned exit code: 0
INFO: [v++ 60-2311] HPISystemDiagram::writeSystemDiagramAfterRunningVivado, rtdInputFilePath: /mnt/castor/seas_home/c/chen3xn/ese532_code/project_1127/ESE5320-Final-Project/_x/link/int/kernel.rtd
INFO: [v++ 60-2312] HPISystemDiagram::writeSystemDiagramAfterRunningVivado, systemDiagramOutputFilePath: /mnt/castor/seas_home/c/chen3xn/ese532_code/project_1127/ESE5320-Final-Project/_x/link/int/systemDiagramModelSlrBaseAddress.json
INFO: [v++ 60-1618] Launching 
INFO: [v++ 60-1441] [20:35:28] Run run_link: Step rtdgen: Completed
Time (s): cpu = 00:00:01 ; elapsed = 00:00:02 . Memory (MB): peak = 1574.652 ; gain = 0.000 ; free physical = 7793 ; free virtual = 10938
INFO: [v++ 60-1443] [20:35:28] Run run_link: Step xclbinutil: Started
INFO: [v++ 60-1453] Command Line: xclbinutil --add-section BITSTREAM:RAW:/mnt/castor/seas_home/c/chen3xn/ese532_code/project_1127/ESE5320-Final-Project/_x/link/int/system.bit --force --target hw --key-value SYS:dfx_enable:false --add-section :JSON:/mnt/castor/seas_home/c/chen3xn/ese532_code/project_1127/ESE5320-Final-Project/_x/link/int/kernel.rtd --add-section CLOCK_FREQ_TOPOLOGY:JSON:/mnt/castor/seas_home/c/chen3xn/ese532_code/project_1127/ESE5320-Final-Project/_x/link/int/kernel_xml.rtd --add-section BUILD_METADATA:JSON:/mnt/castor/seas_home/c/chen3xn/ese532_code/project_1127/ESE5320-Final-Project/_x/link/int/kernel_build.rtd --add-section EMBEDDED_METADATA:RAW:/mnt/castor/seas_home/c/chen3xn/ese532_code/project_1127/ESE5320-Final-Project/_x/link/int/kernel.xml --add-section SYSTEM_METADATA:RAW:/mnt/castor/seas_home/c/chen3xn/ese532_code/project_1127/ESE5320-Final-Project/_x/link/int/systemDiagramModelSlrBaseAddress.json --key-value SYS:PlatformVBNV:avnet.com_u96v2_sbc_base_u96v2_sbc_base_1_0 --output /mnt/castor/seas_home/c/chen3xn/ese532_code/project_1127/ESE5320-Final-Project/kernel.xclbin
INFO: [v++ 60-1454] Run Directory: /mnt/castor/seas_home/c/chen3xn/ese532_code/project_1127/ESE5320-Final-Project/_x/link/run_link
XRT Build Version: 2.8.0 (Vitis)
       Build Date: 2020-11-04 13:51:01
          Hash ID: 70b0d7e5db97d08503f97ca713c33ecb01ddca64
Creating a default 'in-memory' xclbin image.

Section: 'BITSTREAM'(0) was successfully added.
Size   : 5568794 bytes
Format : RAW
File   : '/mnt/castor/seas_home/c/chen3xn/ese532_code/project_1127/ESE5320-Final-Project/_x/link/int/system.bit'

Section: 'MEM_TOPOLOGY'(6) was successfully added.
Format : JSON
File   : 'mem_topology'

Section: 'IP_LAYOUT'(8) was successfully added.
Format : JSON
File   : 'ip_layout'

Section: 'CONNECTIVITY'(7) was successfully added.
Format : JSON
File   : 'connectivity'
WARNING: Skipping CLOCK_FREQ_TOPOLOGY section for count size is zero.
WARNING: Section 'CLOCK_FREQ_TOPOLOGY' content is empty.  No data in the given JSON file.

Section: 'CLOCK_FREQ_TOPOLOGY'(11) was empty.  No action taken.
Format : JSON
File   : '/mnt/castor/seas_home/c/chen3xn/ese532_code/project_1127/ESE5320-Final-Project/_x/link/int/kernel_xml.rtd'

Section: 'BUILD_METADATA'(14) was successfully added.
Size   : 2461 bytes
Format : JSON
File   : '/mnt/castor/seas_home/c/chen3xn/ese532_code/project_1127/ESE5320-Final-Project/_x/link/int/kernel_build.rtd'

Section: 'EMBEDDED_METADATA'(2) was successfully added.
Size   : 3535 bytes
Format : RAW
File   : '/mnt/castor/seas_home/c/chen3xn/ese532_code/project_1127/ESE5320-Final-Project/_x/link/int/kernel.xml'

Section: 'SYSTEM_METADATA'(22) was successfully added.
Size   : 7272 bytes
Format : RAW
File   : '/mnt/castor/seas_home/c/chen3xn/ese532_code/project_1127/ESE5320-Final-Project/_x/link/int/systemDiagramModelSlrBaseAddress.json'
Successfully wrote (5590171 bytes) to the output file: /mnt/castor/seas_home/c/chen3xn/ese532_code/project_1127/ESE5320-Final-Project/kernel.xclbin
Leaving xclbinutil.
INFO: [v++ 60-1441] [20:35:29] Run run_link: Step xclbinutil: Completed
Time (s): cpu = 00:00:00.88 ; elapsed = 00:00:01 . Memory (MB): peak = 1574.652 ; gain = 0.000 ; free physical = 7769 ; free virtual = 10923
INFO: [v++ 60-1443] [20:35:29] Run run_link: Step xclbinutilinfo: Started
INFO: [v++ 60-1453] Command Line: xclbinutil --quiet --force --info /mnt/castor/seas_home/c/chen3xn/ese532_code/project_1127/ESE5320-Final-Project/kernel.xclbin.info --input /mnt/castor/seas_home/c/chen3xn/ese532_code/project_1127/ESE5320-Final-Project/kernel.xclbin
INFO: [v++ 60-1454] Run Directory: /mnt/castor/seas_home/c/chen3xn/ese532_code/project_1127/ESE5320-Final-Project/_x/link/run_link
INFO: [v++ 60-1441] [20:35:30] Run run_link: Step xclbinutilinfo: Completed
Time (s): cpu = 00:00:00.96 ; elapsed = 00:00:01 . Memory (MB): peak = 1574.652 ; gain = 0.000 ; free physical = 7739 ; free virtual = 10893
INFO: [v++ 60-1443] [20:35:30] Run run_link: Step generate_sc_driver: Started
INFO: [v++ 60-1453] Command Line: 
INFO: [v++ 60-1454] Run Directory: /mnt/castor/seas_home/c/chen3xn/ese532_code/project_1127/ESE5320-Final-Project/_x/link/run_link
INFO: [v++ 60-1441] [20:35:30] Run run_link: Step generate_sc_driver: Completed
Time (s): cpu = 00:00:00 ; elapsed = 00:00:00.01 . Memory (MB): peak = 1574.652 ; gain = 0.000 ; free physical = 7739 ; free virtual = 10893
INFO: [v++ 60-244] Generating system estimate report...
INFO: [v++ 60-1092] Generated system estimate report: /mnt/castor/seas_home/c/chen3xn/ese532_code/project_1127/ESE5320-Final-Project/_x/reports/link/system_estimate_kernel.xtxt
INFO: [v++ 60-2397] Platform default or user specified output type sd_card detected but is not a supported output for v++ --link. Use the v++ --package option instead to create SD card output.
INFO: [v++ 60-586] Created kernel.xclbin
INFO: [v++ 60-1307] Run completed. Additional information can be found in:
	Guidance: /mnt/castor/seas_home/c/chen3xn/ese532_code/project_1127/ESE5320-Final-Project/_x/reports/link/v++_link_kernel_guidance.html
	Timing Report: /mnt/castor/seas_home/c/chen3xn/ese532_code/project_1127/ESE5320-Final-Project/_x/reports/link/imp/impl_1_u96v2_sbc_base_wrapper_timing_summary_routed.rpt
	Vivado Log: /mnt/castor/seas_home/c/chen3xn/ese532_code/project_1127/ESE5320-Final-Project/_x/logs/link/vivado.log
	Steps Log File: /mnt/castor/seas_home/c/chen3xn/ese532_code/project_1127/ESE5320-Final-Project/_x/logs/link/link.steps.log

INFO: [v++ 60-2343] Use the vitis_analyzer tool to visualize and navigate the relevant reports. Run the following command. 
    vitis_analyzer /mnt/castor/seas_home/c/chen3xn/ese532_code/project_1127/ESE5320-Final-Project/kernel.xclbin.link_summary 
INFO: [v++ 60-791] Total elapsed time: 0h 22m 23s
